[trello.com/login.html]
[backblue.gif]
[fade.gif]
[index.html]
[d2t77mnxyo7adj.cloudfront.net/v1/c2866.js]
[d2k1ftgv7pobq7.cloudfront.net/meta/c/p/res/images/68369975a2dc2deec3d9d233ccf82ae3/gold-backgrounds-ocean.png]
[d2k1ftgv7pobq7.cloudfront.net/meta/c/p/res/js/67806f9ff1ce059372fafdc52c3073c2/jquery.min.js]
[trello.com/GET.html]
[d2k1ftgv7pobq7.cloudfront.net/meta/c/p/res/js/analytics/d6da7679310d33e2493c6ae4b75eae8d/googleAnalytics.js]
[d2k1ftgv7pobq7.cloudfront.net/meta/c/p/res/js/analytics/07704e81046d51af8ee40cf7f4ee17eb/googleTagManager.js]
[d2k1ftgv7pobq7.cloudfront.net/meta/c/p/res/js/cfe32e63c0dc7dced3300c77cdea9f48/underscore.min.js]
[d2k1ftgv7pobq7.cloudfront.net/meta/c/p/res/js/analytics/6e5efc3cf012b218f1552dff3cab9821/analytics-web-client.js]
[d2k1ftgv7pobq7.cloudfront.net/meta/c/p/res/js/analytics/gas/8967b01b7b00e7f2c4182bac9b5817a1/gasWrapper.js]
[d2k1ftgv7pobq7.cloudfront.net/meta/c/p/res/js/analytics/gas/aa8fdc90eecc50f8999cbc2c2a1de2b1/initGasWrapper.js]
[trello.com/signup.html]
[appleid.cdn-apple.com/appleauth/static/jsapi/appleid/1/en_US/appleid.auth.js]
[trello.com/forgot.html]
[d2k1ftgv7pobq7.cloudfront.net/meta/c/p/res/js/d48e93d7cff906f56a79ed6e4591e0b6/languagePicker.js]
[trello.com/templates.html]
[trello.com/pricing.html]
[trello.com/platforms.html]
[trello.com/login.html]
[trello.com/about.html]
[a.trellocdn.com/prgb/dist/images/ios/apple-touch-icon-152x152-precomposed.0307bc39ec6c9ff499c8.png]
[a.trellocdn.com/prgb/dist/images/ios/apple-touch-icon-144x144-precomposed.0dbf6daf256eb7678e5e.png]
[a.trellocdn.com/prgb/dist/images/ios/apple-touch-icon-120x120-precomposed.a68051b5c9144abe859b.png]
[a.trellocdn.com/prgb/dist/images/ios/apple-touch-icon-114x114-precomposed.7f4a80b64fd8fd99840b.png]
[a.trellocdn.com/prgb/dist/images/ios/apple-touch-icon-72x72-precomposed.91a3a04ec68a60903801.png]
[a.trellocdn.com/prgb/dist/images/ios/apple-touch-icon-precomposed.8de2074e8a785dd5d498.png]
[trello.com/osd.xml]
[a.trellocdn.com/prgb/dist/powerup-admin-page.b8712f852076d5ca523a.js]
[a.trellocdn.com/prgb/dist/powerup-edit-powerup-page.4b3cbfe978e256848d71.js]
[a.trellocdn.com/prgb/dist/powerup-public-directory-page.4e23354fa03e7ce02a2e.js]
[a.trellocdn.com/prgb/dist/board-page.42f98b4631a0649cfd73.js]
[a.trellocdn.com/prgb/dist/core.3c65f4c33a7591a4db52.css]
[a.trellocdn.com/prgb/dist/board-view.802c6d5949cec5f43a9b.js]
[a.trellocdn.com/prgb/dist/cookieConsent.cc037293bdbfbe77f7aa.js]
[www.google-analytics.com/analytics.js]
[trello.com/index.html]
[a.trellocdn.com/prgb/dist/snowplow.ab885b076821f1735a36.js]
[a.trellocdn.com/prgb/dist/quickload.7f9f8ff2ebd90e0aa430.js]
[a.trellocdn.com/prgb/dist/images.fc096d8a53d07d84d659.css]
[a.trellocdn.com/prgb/dist/images/header-loading-logo.d73159084f5122775d4d.gif]
[a.trellocdn.com/prgb/dist/images/header-logo-2x.01ef898811a879595cea.png]
[a.trellocdn.com/prgb/dist/locale.en-US.3076e143008289edf5f8.js]
[trello.com/GET.html]
[a.trellocdn.com/lib/snowplow/2.9.0.html]
[a.trellocdn.com/prgb/dist/ltp.50c4df99af17f4b892f7.js]
[a.trellocdn.com/prgb/dist/app.2c2ae2d53352d0d3ea13.js]
[trello.com/forgot.html]
[trello.com/contact.html]
[www.google.com/recaptcha/api.js]
[trello.com/signup.html]
[trello.com/privacy.html]
[trello.com/legal.html]
[trello.com/templates.html]
[bxp-content-static.prod.public.atl-paas.net/js/runtime.41782cec0dab26d6dbe3.min.js]
[bxp-content-static.prod.public.atl-paas.net/js/react.d3016c8e248d83995f54.min.js]
[bxp-content-static.prod.public.atl-paas.net/js/vendors.e1cb615c5201a6c516f7.min.js]
[bxp-content-static.prod.public.atl-paas.net/js/main.84163f942f4fc9c6d179.min.js]
[bxp-content-static.prod.public.atl-paas.net/js/UiHeader.7ae1c6dde5fd030538f4.min.js]
[bxp-content-static.prod.public.atl-paas.net/js/UiSection.b963b3c5f11676ce20e5.min.js]
[bxp-content-static.prod.public.atl-paas.net/js/UiColumn.a225d27707aff4e28b71.min.js]
[bxp-content-static.prod.public.atl-paas.net/js/UiMarkdown.53d46d9b158117044127.min.js]
[bxp-content-static.prod.public.atl-paas.net/js/vendors_react-markdown.2730b98f26081a0fbd4d.min.js]
[bxp-content-static.prod.public.atl-paas.net/js/UiPricingTable.ade15d4f4e5dae6efe5f.min.js]
[bxp-content-static.prod.public.atl-paas.net/js/UiLoginContainer.7fc00503876761690cf4.min.js]
[bxp-content-static.prod.public.atl-paas.net/js/UiTooltip.68ae37669ce61669467d.min.js]
[bxp-content-static.prod.public.atl-paas.net/js/UiButton.b0cbb5513ec9d1598684.min.js]
[bxp-content-static.prod.public.atl-paas.net/js/UiImage.109a2fe6e7a1bb5cf3f6.min.js]
[bxp-content-static.prod.public.atl-paas.net/js/UiFooter.f3ec105db44f64203c84.min.js]
[bxp-content-static.prod.public.atl-paas.net/js/UiCookiePreferences.1661e807be30a1ff06bd.min.js]
[bxp-content-static.prod.public.atl-paas.net/js/UiLink.7599646c97d373168f79.min.js]
[trello.com/fonts/charlie-display/Charlie_Display-Light.html]
[trello.com/fonts/charlie-display/Charlie_Display-Light-2.html]
[trello.com/fonts/charlie-display/Charlie_Display-Ultra.html]
[trello.com/fonts/charlie-display/Charlie_Display-Ultra-2.html]
[trello.com/fonts/charlie-text/Charlie_Text-Italic.html]
[trello.com/fonts/charlie-text/Charlie_Text-Italic-2.html]
[trello.com/home.html]
[trello.com/guide.html]
[trello.com/teams.html]
[trello.com/webinars.html]
[trello.com/integrations.html]
[trello.com/butler-automation.html]
[trello.com/power-ups.html]
[trello.com/enterprise.html]
[trello.com/business-class.html]
[trello.com/pricing.html]
[trello.com/gold.html]
[images.ctfassets.net/rz1oowkt5gyp/53xw4OkydwulcE9vL0ZZ0g/bbf3a54fedc96713783b52a3a11d28b8/web-icon_2x9925.png]
[images.ctfassets.net/rz1oowkt5gyp/3gp6dJRjgJLoF6EikL12LT/7481106a4a0c219189b47a2bbb6a971a/mobile-icon_2x9925.png]
[images.ctfassets.net/rz1oowkt5gyp/2PP3v9H1dTQxJGBemkbT5h/63737f1fd75e43aa330ab2a6143483e8/desktop-icon_2x9925.png]
[images.ctfassets.net/rz1oowkt5gyp/4knRjiFntemuJLb053e3nT/cd2b674f7f75b4cefc800e8fc0464b30/icon-chrome_2x9925.png]
[images.ctfassets.net/rz1oowkt5gyp/37lAlrqeEuUm4q0A5tx4Rc/9a369e3c774ba3b32bb890dccef12add/icon-firefox_2x9925.png]
[images.ctfassets.net/rz1oowkt5gyp/3ejIT6iHYuY9xnRM7e4uWQ/404409bfe2c432a82d08d153681aa1ca/icon-edge_2x9925.png]
[images.ctfassets.net/rz1oowkt5gyp/XUtYCpCNB7SBh8zDAx7jU/bb84b529d3949e97dd4b18ac8d36eb45/icon-safari_2x9925.png]
[trello.com/platforms.html]
[bxp-content-static.prod.public.atl-paas.net/js/UiDownloadButton.660f23f7a7322df1e830.min.js]
[bxp-content-static.prod.public.atl-paas.net/js/UiImageList.ac7aec86e90920440500.min.js]
[d2k1ftgv7pobq7.cloudfront.net/meta/u/res/images/7b505b2776a61194d5061b8e6a55bee7/about-wired-logo.png]
[images.ctfassets.net/rz1oowkt5gyp/4iyih8e7XqrtJzQYI8TMDF/d718037020e56eb575afc8b2c13e6bed/about-wired-logo.png]
[images.ctfassets.net/rz1oowkt5gyp/7hxL4eZxqNzmjqFxdx6JH6/a65f4f98c98ed19f0d7af28e09d4854b/about-wsj-logo.png]
[images.ctfassets.net/rz1oowkt5gyp/2P2HR8LW9gT01ajnxbVmIQ/2cc430b0216b362a2ec768dae748443d/about-techcrunch-logo.png]
[images.ctfassets.net/rz1oowkt5gyp/6MD71XGp5Xh15nmzB7j22m/56f00571e03d9d9659959931d0b6bcdf/about-forbes-logo.png]
[trello.com/about.html]
[a.trellocdn.com/prgb/dist/core.3c65f4c33a7591a4db52.css]
[a.trellocdn.com/prgb/dist/fonts/trellicons.b7f2b0f63f5350ea6a92.eot]
[d2k1ftgv7pobq7.cloudfront.net/meta/p/res/js/analytics/d6da7679310d33e2493c6ae4b75eae8d/googleAnalytics.js]
[d2k1ftgv7pobq7.cloudfront.net/meta/p/res/js/analytics/07704e81046d51af8ee40cf7f4ee17eb/googleTagManager.js]
[d2k1ftgv7pobq7.cloudfront.net/meta/p/res/images/06f0833d33e1d71bbf0858029839b406/butler.png]
[d2k1ftgv7pobq7.cloudfront.net/meta/p/res/images/0cad30a99820b0d840a5b48635d00b6e/updated-layouts-collab.png]
[d2k1ftgv7pobq7.cloudfront.net/meta/p/res/images/15e77c8347135120a438d17e38195e44/updated-layouts-platform.png]
[d2k1ftgv7pobq7.cloudfront.net/meta/p/res/images/6eaaf5e37ab67a8ed6cd7764660513b9/updated-layouts-sync.png]
[d2k1ftgv7pobq7.cloudfront.net/meta/p/res/images/eebf313cb223112b503b7322173b013c/btn-appstore-black.png]
[d2k1ftgv7pobq7.cloudfront.net/meta/p/res/images/bcde9868a665af4ab4efe460c46fbc7b/btn-playstore-black.png]
[d2k1ftgv7pobq7.cloudfront.net/meta/p/res/js/67806f9ff1ce059372fafdc52c3073c2/jquery.min.js]
[d2k1ftgv7pobq7.cloudfront.net/meta/p/res/js/d48e93d7cff906f56a79ed6e4591e0b6/languagePicker.js]
[d2k1ftgv7pobq7.cloudfront.net/meta/p/res/js/a775150cc87c4dd9083f0cddb25d32d9/patternLibrary.js]
[d2k1ftgv7pobq7.cloudfront.net/meta/p/res/js/cfe32e63c0dc7dced3300c77cdea9f48/underscore.min.js]
[d2k1ftgv7pobq7.cloudfront.net/meta/p/res/js/analytics/6e5efc3cf012b218f1552dff3cab9821/analytics-web-client.js]
[d2k1ftgv7pobq7.cloudfront.net/meta/p/res/js/analytics/gas/8967b01b7b00e7f2c4182bac9b5817a1/gasWrapper.js]
[d2k1ftgv7pobq7.cloudfront.net/meta/p/res/js/analytics/gas/aa8fdc90eecc50f8999cbc2c2a1de2b1/initGasWrapper.js]
[trello.com/index.html]
[www.googletagmanager.com/gtm5445.html]
[a.trellocdn.com/prgb/dist/images.fc096d8a53d07d84d659.css]
[d2k1ftgv7pobq7.cloudfront.net/meta/u/res/images/68369975a2dc2deec3d9d233ccf82ae3/gold-backgrounds-ocean.png]
[d2k1ftgv7pobq7.cloudfront.net/meta/u/res/css/77f41373d789f8c43f237b2dc1e2caf7/metamorph-core.css]
[d2k1ftgv7pobq7.cloudfront.net/meta/u/res/js/67806f9ff1ce059372fafdc52c3073c2/jquery.min.js]
[d2k1ftgv7pobq7.cloudfront.net/meta/u/res/js/debe37462027c4721a4c742029986b0c/bluebird.min.js]
[d2k1ftgv7pobq7.cloudfront.net/meta/u/res/js/cfe32e63c0dc7dced3300c77cdea9f48/underscore.min.js]
[app.launchdarkly.com/snippet/ldclient.min.js]
[d2k1ftgv7pobq7.cloudfront.net/meta/u/res/js/analytics/d6da7679310d33e2493c6ae4b75eae8d/googleAnalytics.js]
[d2k1ftgv7pobq7.cloudfront.net/meta/u/res/js/analytics/07704e81046d51af8ee40cf7f4ee17eb/googleTagManager.js]
[trello.com/login4377.html]
[trello.com/signup4377.html]
[trello.com/login4333.html]
[d2k1ftgv7pobq7.cloudfront.net/meta/u/res/js/d48e93d7cff906f56a79ed6e4591e0b6/languagePicker.js]
[support-form-app.prod.atl-paas.net/js-app-shim.js]
[d2k1ftgv7pobq7.cloudfront.net/meta/u/res/js/e1d23af83cfc559fbe80cde406692f40/events.js]
[trello.com/contact.html]
[trello.com/fonts/charlie-display/Charlie_Display-Light.html]
[trello.com/fonts/charlie-display/Charlie_Display-Light-2.html]
[trello.com/fonts/charlie-display/Charlie_Display-Ultra.html]
[trello.com/fonts/charlie-display/Charlie_Display-Ultra-2.html]
[trello.com/fonts/charlie-text/Charlie_Text-Italic.html]
[trello.com/fonts/charlie-text/Charlie_Text-Italic-2.html]
[trello.com/home.html]
[s3-us-west-2.amazonaws.com/solvvy-ui/zd-deflection/v2/trello/prod/solvvy.plugin.js]
[trello.com/login1dd7.html]
[d2k1ftgv7pobq7.cloudfront.net/meta/u/res/images/b28d107be5f8142d8d4cec4d3faa1918/guide-header-graphic.png]
[trello.com/guide/trello-101.html]
[d2k1ftgv7pobq7.cloudfront.net/meta/u/res/images/7712b396301cdcf686f8ff3aaf216ba0/trello-101-graphic.png]
[trello.com/guide/create-a-board.html]
[d2k1ftgv7pobq7.cloudfront.net/meta/u/res/images/b805bfa26fc4ba4f9c2acb6c346abb1d/create-a-board-graphic.png]
[d2k1ftgv7pobq7.cloudfront.net/meta/u/res/images/cb45b5d9eb6177ceee6ca55a63f30dbc/feature-deep-dive-graphic.png]
[trello.com/guide/feature-deep-dive.html]
[trello.com/guide/power-up-productivity.html]
[d2k1ftgv7pobq7.cloudfront.net/meta/u/res/images/23d814af5ec27cf61d6a05386c676967/power-up-productivity.png]
[trello.com/guide/expand-your-use-of-trello.html]
[d2k1ftgv7pobq7.cloudfront.net/meta/u/res/images/2f1a2da3afcd86b857bc218dddcb7c4a/expand-your-use-of-trello-graphic.png]
[trello.com/guide/collaboration.html]
[d2k1ftgv7pobq7.cloudfront.net/meta/u/res/images/724a240bedadf2e7a01ba279f7ecb741/collaboration-graphic.png]
[trello.com/guide/create-a-team.html]
[d2k1ftgv7pobq7.cloudfront.net/meta/u/res/images/dfaa3ece6b60ab6eb802ee2b80839ab0/create-a-team-graphic.png]
[trello.com/guide/team-administration.html]
[d2k1ftgv7pobq7.cloudfront.net/meta/u/res/images/1a2e5bc53fca13108849583c434a3808/team-administration-graphic.png]
[d2k1ftgv7pobq7.cloudfront.net/meta/u/res/images/47a77cd33a2b0fdd28a52c984d2d3edb/pro-tips-graphic.png]
[trello.com/guide/pro-tips.html]
[d2k1ftgv7pobq7.cloudfront.net/meta/u/res/images/e612be4b49c363e8be8046fdc70dd6bd/how-to-leave-your-old-tools-graphic.png]
[trello.com/guide/how-to-leave-your-old-tools.html]
[d2k1ftgv7pobq7.cloudfront.net/meta/u/res/images/817f1cc5d67dc4c458fb76d155564a9d/world.png]
[trello.com/templates/project-management.html]
[d2k1ftgv7pobq7.cloudfront.net/meta/u/res/images/2a53cf5159ac61f58018201eee8e3f97/idea-color-project-management.png]
[trello.com/templates/business.html]
[d2k1ftgv7pobq7.cloudfront.net/meta/u/res/images/fcf8cb695477c5eb470da7ae6b299455/idea-color-business.png]
[trello.com/templates/personal.html]
[d2k1ftgv7pobq7.cloudfront.net/meta/u/res/images/145421c07b96f1f3814d032878bdbff1/idea-color-guide-personal.png]
[trello.com/templates/engineering.html]
[d2k1ftgv7pobq7.cloudfront.net/meta/u/res/images/36e960f6be8ebfee07814b937df61090/idea-color-guide-engineering.png]
[trello.com/templates/design.html]
[d2k1ftgv7pobq7.cloudfront.net/meta/u/res/images/c762dcbeb7b8862c0b46bca76f13d10b/idea-guide-color-design.png]
[trello.com/templates/marketing.html]
[d2k1ftgv7pobq7.cloudfront.net/meta/u/res/images/e05dcf0bf0a3d1e2237c72ead11111d3/idea-guide-color-marketing.png]
[d2k1ftgv7pobq7.cloudfront.net/meta/u/res/images/fba429a08b5348186de106e8e7f6f43b/work.png]
[d2k1ftgv7pobq7.cloudfront.net/meta/u/res/images/1f52c16b45977366f089d274256d0e3d/business-class-burgerfi.png]
[d2k1ftgv7pobq7.cloudfront.net/meta/u/res/images/9972f1023087fe8733f7af288c5fe10d/business-class-deskplants.png]
[d2k1ftgv7pobq7.cloudfront.net/meta/u/res/images/329c1954a9f08526e6129bfb91f026cc/business-class-mccorvey.png]
[d2k1ftgv7pobq7.cloudfront.net/meta/u/res/images/83e3271dcf6326eff2e2038bd26ca75a/webinar-icon.png]
[trello.com/guide.html]
[bxp-content-static.prod.public.atl-paas.net/js/UiNavImages.7f01d7e35826b516ba2b.min.js]
[bxp-content-static.prod.public.atl-paas.net/js/UiCookieBanner.59c9a409f64864dc5e9d.min.js]
[images.ctfassets.net/rz1oowkt5gyp/2ustB6me9bzjeVl0NYRJwj/197e1e85379a132a8aa801fb5bf6f8ad/team-header9925.png]
[images.ctfassets.net/rz1oowkt5gyp/6mYqwDGbuXFGw5yGVFntpW/8356e6c34af0bc9cea8cdefb7d874182/playbooks_boardtile_engineering-7569925.png]
[trello.com/teams/engineering.html]
[images.ctfassets.net/rz1oowkt5gyp/75V3l6OTMuiBkNptEDItje/e5f4a2f64e4bb7f8b00b2525fbc7e455/playbooks_boardtile_team-management-5769925.png]
[trello.com/teams/team-management.html]
[images.ctfassets.net/rz1oowkt5gyp/5tuQDkFslCaDEIW0aw4sC0/5d4a77a9be63c67c62dad4d7a93a4a7f/playbooks_boardtile_marketing-5769925.png]
[trello.com/teams/marketing.html]
[images.ctfassets.net/rz1oowkt5gyp/63Ig7wur9iUgwDZq0qTFCR/c09e58434f78dcbba1ad29c1cf7b1b7c/playbooks-boardtile-design-5769925.png]
[trello.com/teams/design.html]
[images.ctfassets.net/rz1oowkt5gyp/5EdFos1mf3WL6eHoVI1tbh/7ba2bbffb7e46bcb7de26adf5ca22f94/playbooks_boardtile_sales-5769925.png]
[trello.com/teams/sales.html]
[images.ctfassets.net/rz1oowkt5gyp/78U1UNt3xNFSIgvvByfvhV/1bb099b09880294853a12d98b65028dd/playbooks_boardtile_productmanagers-5769925.png]
[trello.com/teams/product.html]
[images.ctfassets.net/rz1oowkt5gyp/2Yh23H1JZa1JcOiDP6MU4f/5d14506079db51eba648364eab44a84e/playbooks_boardtile_support-5769925.png]
[trello.com/teams/support.html]
[images.ctfassets.net/rz1oowkt5gyp/4lZbR1jlTEKvBfzBEiRaiI/09ecf7990209ca274716fd3ba8e805b3/playbooks_boardtile_hr-5769925.png]
[trello.com/teams/humanresources.html]
[images.ctfassets.net/rz1oowkt5gyp/7L2vbJA1lV4x8MZbSnL8vk/fece423d2ef4592027b2f15b7ea2e587/playbooks_boardtile_remoteteams-5769925.png]
[trello.com/teams/remote-team-management.html]
[images.ctfassets.net/rz1oowkt5gyp/10X9HzGnl0kXQJ7TIoC0EG/0e78f60d3b1a851a0e43c54b7eada2a1/playbooks_boardtile_startups-5769925.png]
[trello.com/teams/startups.html]
[trello.com/teams/personal-productivity.html]
[images.ctfassets.net/rz1oowkt5gyp/3SkPQNNUHazQWe1mmstOQW/ae859bfa76ff5eb006d17aceec9a8f9f/playbooks_boardtile_productivity-5769925.png]
[images.ctfassets.net/rz1oowkt5gyp/1xx0MdC0TKrZSP2XqoeCFs/ba28fe655cd7dc79621c737e605b9a8b/playbooks_boardtile_home-5769925.png]
[trello.com/teams/home.html]
[images.ctfassets.net/rz1oowkt5gyp/2rBhWm4WZnjMlhZFMcRb4j/5f29ff624e289593f671114997935f2b/playbooks_boardtile_wedding-5769925.png]
[images.ctfassets.net/rz1oowkt5gyp/6GqMPD9AjXp2r8iiTAIzUd/6f0414c0ef103ae0373ee8649c0f9d64/work9925.png]
[trello.com/teams/wedding-planning.html]
[images.ctfassets.net/rz1oowkt5gyp/46Tegz7sV9NOajjjE5vVs2/8bd822b56bf48893d8a17daa30d773cc/business-class-burgerfi9925.png]
[images.ctfassets.net/rz1oowkt5gyp/7JCD51g6mwxcqLgAzfvSr/86da951ec89f4f0e401cc700436c0cac/business-class-desk-plants9925.png]
[images.ctfassets.net/rz1oowkt5gyp/2bHlij8nSyderYXXABLof0/544799220ceb0589443e39505799eb8e/business-class-mccorvey9925.png]
[trello.com/teams.html]
[images.ctfassets.net/rz1oowkt5gyp/2IjKVk8NA5MAwBLBiHtH3g/d68a169a2d6ab17b8d8e80f3edad1f1b/peeps9925.png]
[bxp-content-static.prod.public.atl-paas.net/js/UiWebinarLink.836a480a0e68a00375cd.min.js]
[trello.com/remote-work-playbook-for-team-success.html]
[images.ctfassets.net/rz1oowkt5gyp/2836s5JEfxb1hpn52U6R2q/03e9feec90ab9ca28fed87a0423ad68a/brian-from-trello9925.png]
[trello.com/webinars.html]
[d2k1ftgv7pobq7.cloudfront.net/meta/u/res/js/d484866dbb6594f325d07ff1c498997f/butler-automation.js]
[trello.com/butler-automation.html]
[d2k1ftgv7pobq7.cloudfront.net/meta/u/res/css/25f79fc36c0e1135300a82f84c508444/normalize.css]
[d2k1ftgv7pobq7.cloudfront.net/meta/u/res/css/e99a0fc72a1de0f0a32061c438ab5c43/main.css]
[d2k1ftgv7pobq7.cloudfront.net/meta/u/res/integrations/css/41a5dca9dcfd5322a5b85120af54cd16/integrations.css]
[d2k1ftgv7pobq7.cloudfront.net/meta/u/res/integrations/js/slick/885deefd4637c17750fdcf4855bb225c/slick.css]
[d2k1ftgv7pobq7.cloudfront.net/meta/u/res/integrations/js/slick/8ed8d24677bedb459c9ab58c5c0b3982/slick-theme.css]
[ajax.googleapis.com/ajax/libs/angularjs/1.4.3/angular.min.js]
[ajax.googleapis.com/ajax/libs/angularjs/1.4.3/angular-resource.min.js]
[d2k1ftgv7pobq7.cloudfront.net/meta/u/res/integrations/js/444b3aad42e0e3001b3b5a9c8af083a1/localizeIntegrationDescriptions.js]
[trello.com/login223b.html]
[d2k1ftgv7pobq7.cloudfront.net/meta/u/res/integrations/images/7909de12422ecfaaf211dd1b6c586b13/search.png]
[d2k1ftgv7pobq7.cloudfront.net/meta/u/res/integrations/images/633565cb930c8987303df14e049441d3/header.png]
[trello.com/signup223b.html]
[d2k1ftgv7pobq7.cloudfront.net/meta/u/res/integrations/images/8cae3cd1f241d482fc6df1cb94683f9d/slack.png]
[d2k1ftgv7pobq7.cloudfront.net/meta/u/res/integrations/images/0b9c69af0b34a9d18f4f341b27a3783c/adobe.png]
[d2k1ftgv7pobq7.cloudfront.net/meta/u/res/integrations/images/1c8d15e4cb2e82169bdd4d0ea407ab61/jira.png]
[trello.com/power-ups4d2f.html]
[d2k1ftgv7pobq7.cloudfront.net/meta/u/res/js/analytics/6e5efc3cf012b218f1552dff3cab9821/analytics-web-client.js]
[d2k1ftgv7pobq7.cloudfront.net/meta/u/res/js/analytics/gas/8967b01b7b00e7f2c4182bac9b5817a1/gasWrapper.js]
[d2k1ftgv7pobq7.cloudfront.net/meta/u/res/js/analytics/gas/aa8fdc90eecc50f8999cbc2c2a1de2b1/initGasWrapper.js]
[ajax.googleapis.com/ajax/libs/jquery/1.11.3/jquery.min.js]
[cdn.firebase.com/js/client/2.2.9/firebase.js]
[cdn.firebase.com/libs/angularfire/1.1.2/angularfire.min.js]
[d2k1ftgv7pobq7.cloudfront.net/meta/u/res/integrations/js/7d84733d860c1c0622f84db8725d695c/review-bar.js]
[d2k1ftgv7pobq7.cloudfront.net/meta/u/res/integrations/js/30c7ad15d2b4b145d224723db0dc8b2c/controller.js]
[d2k1ftgv7pobq7.cloudfront.net/meta/u/res/integrations/js/slick/46a1727a0a627d1db8817680e632fc9a/slick.min.js]
[trello.com/integrations.html]
[trello.com/power-ups.html]
[bxp-content-static.prod.public.atl-paas.net/js/UiTrelloBoard.8685b20cc3994c040976.min.js]
[bxp-content-static.prod.public.atl-paas.net/js/UiTextBlock.a5a932cb8c5cb6a9add9.min.js]
[bxp-content-static.prod.public.atl-paas.net/js/UiModal.0653934f21499b8112a3.min.js]
[bxp-content-static.prod.public.atl-paas.net/js/UiAccordion.a4a151d5844f49cb5c50.min.js]
[bxp-content-static.prod.public.atl-paas.net/js/UiPricingCalculator.773f7b258943455c6db5.min.js]
[bxp-content-static.prod.public.atl-paas.net/js/UiMarketoForm.fd2adc75e6a4a6b62d1d.min.js]
[images.ctfassets.net/rz1oowkt5gyp/2c3N2dvhpSKyJDpQSVRWP2/859d4bfe5607d69750d5d59f4a961d28/stephanie.png]
[images.ctfassets.net/rz1oowkt5gyp/6VYhclLE5FT6qebrT1MQ7n/8f448a91ddba97a0fb9f4f50ea680dc7/user-1.png]
[images.ctfassets.net/rz1oowkt5gyp/4PuojQ1pXYSGcliYTwWHmM/e4d0093402bdbed066add909b8fc8345/user-2.png]
[images.ctfassets.net/rz1oowkt5gyp/uzTkOH05wOujIk37vd41C/3d601a905eaff6f3f88a7f61c7ae530c/illo-security9925.png]
[images.ctfassets.net/rz1oowkt5gyp/10xZkblEbqOoImtGTzPkYK/209c61b75c1237e1c7f9ec7a9db2250b/butler9925.png]
[images.ctfassets.net/rz1oowkt5gyp/6hcRPvIEw023GYnLQetcEr/aea7074b8af6e24f29dd8ac6f308ed20/illo-integrations9925.png]
[trello.com/guide/enterprise/sysadmin.html]
[images.ctfassets.net/rz1oowkt5gyp/26M10KDHKfvQkGU7FXrQ5g/712f03a7625f6d6b555f02a53fdd009f/guide-admin9925.png]
[trello.com/guide/enterprise/enduser.html]
[images.ctfassets.net/rz1oowkt5gyp/7IQsexsFUs182OPV1ehLuS/57ed831a0c9e46135bf65b650f078e4e/guide-user9925.png]
[trello.com/enterprise.html]
[bxp-content-static.prod.public.atl-paas.net/js/UiValueProp.f4dc35832f0d570475ca.min.js]
[trello.com/free-trial.html]
[trello.com/select-team-to-upgrade.html]
[images.ctfassets.net/rz1oowkt5gyp/2CPS47tK9O01nOAXW9G4mb/a7b57e505cea51c5a4d272f27ec3987d/powerful-features9925.png]
[images.ctfassets.net/rz1oowkt5gyp/2pueVqrtzX3TTEdwA9Ceja/7f319286f75ff36ede67a1ce3e19817b/butler9925.png]
[images.ctfassets.net/rz1oowkt5gyp/2e147PEmOyMcpGusmzqAW8/0381e6cb4fcc00f42a5e2082b72c0267/brain-guards9925.png]
[trello.com/business-class.html]
[bxp-content-static.prod.public.atl-paas.net/js/UiPriceCard.43f89c31f19e036d4228.min.js]
[bxp-content-static.prod.public.atl-paas.net/js/UiFeatureComparisonTable.a39c3171da1fb165ed5c.min.js]
[trello.com/me/billing/card/trelloGoldMonthly.html]
[trello.com/gold.html]
[trello.com/recommend.html]
[d2k1ftgv7pobq7.cloudfront.net/meta/u/res/css/77f41373d789f8c43f237b2dc1e2caf7/metamorph-core.css]
[trello.com/login4377.html]
[trello.com/signup4377.html]
[trello.com/login4333.html]
[trello.com/login1dd7.html]
[d2k1ftgv7pobq7.cloudfront.net/meta/u/res/images/9752219b70c2242f6ae971e59f681c2d/tile-organize.jpg]
[trello.com/signup1dd7]
[trello.com/guide/GET.html]
[trello.com/login2a39.html]
[trello.com/guide/enterprise.html]
[d2k1ftgv7pobq7.cloudfront.net/meta/u/res/images/trello-101/9dc6346b2707d44d566dd48096414085/01.png]
[trello.com/signup2a39.html]
[fast.wistia.com/assets/external/E-v1.js]
[trello.com/b/1Jz6SorC/the-dev-board22d4.html]
[trello.com/b/ocCuiDQ4/hawaii-vacation22d4.html]
[d2k1ftgv7pobq7.cloudfront.net/meta/u/res/images/trello-101/601f28994df3d5a508df5af209d301a0/02.png]
[d2k1ftgv7pobq7.cloudfront.net/meta/u/res/images/trello-101/77a6e49f565bf09ac540a3fd69427e94/03.jpg]
[d2k1ftgv7pobq7.cloudfront.net/meta/u/res/images/trello-101/64bea64f2eb50aef1a5fef937384f824/04.png]
[trello.com/power-ups22d4.html]
[d2k1ftgv7pobq7.cloudfront.net/meta/u/res/images/df5869602e2bb91d3d7e6c67b86c601c/guide-book.png]
[trello.com/guide/trello-102.html]
[trello.com/guide/create-a-board-2.html]
[trello.com/guide/feature-deep-dive-2.html]
[trello.com/guide/power-up-productivity-2.html]
[trello.com/guide/expand-your-use-of-trello-2.html]
[trello.com/guide/collaboration-2.html]
[trello.com/guide/create-a-team-2.html]
[trello.com/guide/team-administration-2.html]
[trello.com/guide/pro-tips-2.html]
[trello.com/guide/trello-101.html]
[trello.com/guide/how-to-leave-your-old-tools-2.html]
[trello.com/logind313.html]
[trello.com/signupd313.html]
[d2k1ftgv7pobq7.cloudfront.net/meta/u/res/images/create-a-board/2a6cc1bc24e782bb4dd4de4c3120054d/01.png]
[d2k1ftgv7pobq7.cloudfront.net/meta/u/res/images/create-a-board/bfae5bbb01ba1324a2be6152fca15198/02.png]
[d2k1ftgv7pobq7.cloudfront.net/meta/u/res/images/create-a-board/d02ca32a4217c7fa57886ce35104f844/03.gif]
[trello.com/b/HbTEX5hb/employee-manual.html]
[d2k1ftgv7pobq7.cloudfront.net/meta/u/res/images/create-a-board/dd6c2e011421f9437cddb65fffae53ae/04.jpg]
[d2k1ftgv7pobq7.cloudfront.net/meta/u/res/images/create-a-board/8ceeaeec8fbac1c0154f15415e10ed4b/05.gif]
[d2k1ftgv7pobq7.cloudfront.net/meta/u/res/images/create-a-board/8f2112c068e809486e9ace6c820afbd9/06.jpg]
[d2k1ftgv7pobq7.cloudfront.net/meta/u/res/images/create-a-board/e01e34b7a217860e7d52aff61b745564/07.png]
[trello.com/guide/create-a-board.html]
[trello.com/loginea3e.html]
[trello.com/signupea3e.html]
[d2k1ftgv7pobq7.cloudfront.net/meta/u/res/images/feature-deep-dive/c3fb85eecc34d978eca643bc2582024b/01.png]
[d2k1ftgv7pobq7.cloudfront.net/meta/u/res/images/feature-deep-dive/0a00b48bd34c8a3b9523f7f04e270604/02.png]
[d2k1ftgv7pobq7.cloudfront.net/meta/u/res/images/feature-deep-dive/dd5104da0832c83118ed7cc898afb5fe/03.jpg]
[d2k1ftgv7pobq7.cloudfront.net/meta/u/res/images/feature-deep-dive/2f9f0deb4897fa634b98702099df8142/04.png]
[d2k1ftgv7pobq7.cloudfront.net/meta/u/res/images/feature-deep-dive/5c3ce715b6e4c87e467ee09d6e084d25/05.jpg]
[d2k1ftgv7pobq7.cloudfront.net/meta/u/res/images/feature-deep-dive/db2428eb8edec9ce954c3f372825e3df/06.jpg]
[d2k1ftgv7pobq7.cloudfront.net/meta/u/res/images/feature-deep-dive/d19fbc48c4ce0e65dc8553285f5cbdeb/07.gif]
[trello.com/guide/feature-deep-dive.html]
[d2k1ftgv7pobq7.cloudfront.net/meta/u/res/images/feature-deep-dive/ac36a71c785e41268638b0858d2d0fcf/08.jpg]
[trello.com/loginc79f.html]
[trello.com/signupc79f.html]
[trello.com/power-ups/55a5d917446f51777421000a/slack21ed.html]
[trello.com/power-ups/588a331cc86ffbe08f5d2c67/bitbucket-cloud21ed.html]
[trello.com/power-ups/55a5d916446f517774210006/google-drive21ed.html]
[trello.com/power-ups/55a5d917446f517774210009/salesforce21ed.html]
[trello.com/power-ups21ed.html]
[trello.com/power-ups/56d5e249a98895a9797bebb9/custom-fields21ed.html]
[trello.com/power-ups/57b47fb862d25a30298459b1/card-repeater21ed.html]
[trello.com/power-ups/55a5d917446f517774210011/calendar21ed.html]
[d2k1ftgv7pobq7.cloudfront.net/meta/u/res/images/b76c77c0649ff9ce5dd92af6c1efb442/power-up-addpower-up.gif]
[trello.com/business-class21ed.html]
[trello.com/enterprise21ed.html]
[d2k1ftgv7pobq7.cloudfront.net/meta/u/res/images/222e6efdbce85748cd9349610b3bf8b8/power-up-editorial-cal.jpg]
[trello.com/power-ups/55a5d915446f517774210003/evernote21ed.html]
[d2k1ftgv7pobq7.cloudfront.net/meta/u/res/images/417c87bcec5705d9efdb57a153715614/power-up-sales-crm.jpg]
[trello.com/power-ups/5940440775fbe327abd3329f/onedrive21ed.html]
[d2k1ftgv7pobq7.cloudfront.net/meta/u/res/images/9f959b5e61e5eeb390557553670e5454/power-up-design.jpg]
[trello.com/power-ups/596f2cb2d279152540b2bb31/invision&utm_medium=power-up productvitiy.html]
[trello.com/power-ups/55a5d915446f517774210002/dropbox21ed.html]
[trello.com/power-ups/55a5d915446f517774210000/whereby21ed.html]
[trello.com/teams21ed.html]
[d2k1ftgv7pobq7.cloudfront.net/meta/u/res/images/1b06c40ee3f93d8b4dd38ecea609658b/power-up-zapier.jpg]
[d2k1ftgv7pobq7.cloudfront.net/meta/u/res/images/978404f6f721ec9df16af10cb2b83ff2/power-up-integrations.jpg]
[trello.com/guide/power-up-productivity.html]
[trello.com/login4f4d.html]
[d2k1ftgv7pobq7.cloudfront.net/meta/u/res/images/expand-your-use-of-trello/7cca754dd349c32af0e028ee3794b795/01.jpg]
[d2k1ftgv7pobq7.cloudfront.net/meta/u/res/images/expand-your-use-of-trello/fdc2b00e97e706b444034562b6bfca93/02.jpg]
[d2k1ftgv7pobq7.cloudfront.net/meta/u/res/images/expand-your-use-of-trello/cbf075a4ce1b49d7cd5da61c6307a97d/03.jpg]
[trello.com/signup4f4d.html]
[d2k1ftgv7pobq7.cloudfront.net/meta/u/res/images/expand-your-use-of-trello/c4b1db58e1ac8952233661059c43438a/04.jpg]
[d2k1ftgv7pobq7.cloudfront.net/meta/u/res/images/expand-your-use-of-trello/d2e9647296b74737504858b3dc6727c0/05.jpg]
[d2k1ftgv7pobq7.cloudfront.net/meta/u/res/images/expand-your-use-of-trello/7495c2e0af470172d377a2b2f25c68ad/06.jpg]
[d2k1ftgv7pobq7.cloudfront.net/meta/u/res/images/expand-your-use-of-trello/31c3715e4bdbc2577222d4fc603af1f8/07.jpg]
[d2k1ftgv7pobq7.cloudfront.net/meta/u/res/images/expand-your-use-of-trello/05c7dd0fef119f6a03adb6c6613db3f8/08.jpg]
[d2k1ftgv7pobq7.cloudfront.net/meta/u/res/images/expand-your-use-of-trello/58f22b3be638977635c780a43cf64830/09.jpg]
[trello.com/guide/expand-your-use-of-trello.html]
[d2k1ftgv7pobq7.cloudfront.net/meta/u/res/images/expand-your-use-of-trello/ff922919c84c741bf3854f4815a87f4b/10.jpg]
[trello.com/login2e42.html]
[d2k1ftgv7pobq7.cloudfront.net/meta/u/res/images/collaboration/7f7244d7e73ac94b5f5146447bf0d0fa/01.jpg]
[d2k1ftgv7pobq7.cloudfront.net/meta/u/res/images/collaboration/a83239bc4baae6619853ae52fb56dabd/02.jpg]
[trello.com/signup2e42.html]
[d2k1ftgv7pobq7.cloudfront.net/meta/u/res/images/collaboration/68601ff9e74739d6e8800ae40df27d5b/03.gif]
[d2k1ftgv7pobq7.cloudfront.net/meta/u/res/images/collaboration/cb3be9a3627fe017d22ffb04e4519bfc/04.png]
[d2k1ftgv7pobq7.cloudfront.net/meta/u/res/images/collaboration/f6bdd6a46ac5d06e6bf9be7f7cf15a8a/05.jpg]
[d2k1ftgv7pobq7.cloudfront.net/meta/u/res/images/collaboration/a0f1a94c199e854bf14b41dc12c9a50c/06.jpg]
[trello.com/guide/collaboration.html]
[trello.com/loginca5c.html]
[d2k1ftgv7pobq7.cloudfront.net/meta/u/res/images/create-a-team/4ba40f42469d733c81a4b50221976c74/02.png]
[trello.com/signupca5c.html]
[trello.com/platforms/slack.html]
[d2k1ftgv7pobq7.cloudfront.net/meta/u/res/images/create-a-team/e01e34b7a217860e7d52aff61b745564/03.png]
[trello.com/guide/create-a-team.html]
[trello.com/login9eb0.html]
[trello.com/signup9eb0.html]
[d2k1ftgv7pobq7.cloudfront.net/meta/u/res/images/team-administration/41bb90813ec770a4663b02d5478638bf/01.jpg]
[trello.com/platforms/slackdc1b.html]
[d2k1ftgv7pobq7.cloudfront.net/meta/u/res/images/team-administration/c4a64dd439805c7b6757f982d424f941/02.jpg]
[d2k1ftgv7pobq7.cloudfront.net/meta/u/res/images/team-administration/3b09639aebbcdef1e4367ad959d5b17d/03.jpg]
[trello.com/business-classdc1b.html]
[d2k1ftgv7pobq7.cloudfront.net/meta/u/res/images/team-administration/a7c271f932a9befd16fe20b11a84507c/04.png]
[d2k1ftgv7pobq7.cloudfront.net/meta/u/res/images/team-administration/1b7efb79fe7db67406806a07a9e6505c/05.jpg]
[trello.com/b/lGQZunS7/company-overview.html]
[trello.com/b/HbTEX5hb/employee-manual-sample-board.html]
[trello.com/b/K0ZOiQ7U/town-hall-meetings.html]
[trello.com/b/ezWgKsol/sales-enterprise-feature-requests-sample.html]
[d2k1ftgv7pobq7.cloudfront.net/meta/u/res/images/team-administration/73a34ac55e8bb36233fb05577ba10c69/06.png]
[d2k1ftgv7pobq7.cloudfront.net/meta/u/res/images/team-administration/7222e1b75fad8917f434b64ce1772cf1/07.jpg]
[trello.com/guide/team-administration.html]
[trello.com/logine3f6.html]
[trello.com/signupe3f6.html]
[d2k1ftgv7pobq7.cloudfront.net/meta/u/res/images/pro-tips/6780b7bb8c43b6383fc7b6ca26a07536/01.gif]
[d2k1ftgv7pobq7.cloudfront.net/meta/u/res/images/pro-tips/5024a9235c206cc1794425e1f920826a/02.gif]
[d2k1ftgv7pobq7.cloudfront.net/meta/u/res/images/pro-tips/56f92c370147b5abe6977f70da379135/03.jpg]
[d2k1ftgv7pobq7.cloudfront.net/meta/u/res/images/pro-tips/e69eaa9fa5d11ccd37b66ddc12ddaa22/04.jpg]
[d2k1ftgv7pobq7.cloudfront.net/meta/u/res/images/pro-tips/a24b285215ea14643dbda802032d8ba7/05.gif]
[d2k1ftgv7pobq7.cloudfront.net/meta/u/res/images/pro-tips/788ff5db16676b2dde3907b82ea14f3f/06.jpg]
[d2k1ftgv7pobq7.cloudfront.net/meta/u/res/images/pro-tips/51247a49de2ef9ed63266e600ab7b8cc/07.gif]
[trello.com/your/cards.html]
[d2k1ftgv7pobq7.cloudfront.net/meta/u/res/images/pro-tips/34ad5841d98de8e19753a5ad66f37549/08.jpg]
[trello.com/business-class1016.html]
[trello.com/enterprise1016.html]
[trello.com/gold1016.html]
[trello.com/b/QtjSVKOf/the-ultimate-board-of-trello-tips-tricks.html]
[trello.com/guide/pro-tips.html]
[trello.com/loginadaa.html]
[trello.com/signupadaa.html]
[d2k1ftgv7pobq7.cloudfront.net/meta/u/res/images/how-to-leave-your-old-tools/4d91c7ddc426c7aca6585114c3d71ad3/01.png]
[d2k1ftgv7pobq7.cloudfront.net/meta/u/res/images/how-to-leave-your-old-tools/0335b60b11998d557cecec517de776a1/02.jpg]
[trello.com/guide/how-to-leave-your-old-tools.html]
[trello.com/templates/project-management.html]
[trello.com/templates/business.html]
[trello.com/templates/personal.html]
[trello.com/templates/engineering.html]
[trello.com/templates/design.html]
[trello.com/templates/marketing.html]
[d2k1ftgv7pobq7.cloudfront.net/meta/u/res/css/24ae449e2f4f57e895e823ccf39c4514/teams.css]
[trello.com/teams/GET.html]
[trello.com/login324f.html]
[d2k1ftgv7pobq7.cloudfront.net/meta/u/res/images/8f5718033d938281f2cb99dc0b563be3/playbooks_boardtile_engineering.png]
[trello.com/signup324f.html]
[d2k1ftgv7pobq7.cloudfront.net/meta/u/res/images/77db64630b1ba1caf71ea4907fe3283b/dev-sprintboard.png]
[trello.com/b/ZqN99gGN/agile-sprint-board.html]
[d2k1ftgv7pobq7.cloudfront.net/meta/u/res/images/4cb6b7832e109d93d7df560112785beb/dev-bugreports.png]
[trello.com/b/DJkOiRrz/bug-reports.html]
[d2k1ftgv7pobq7.cloudfront.net/meta/u/res/images/98dd9d8d31f7597f29fbcee680d7962e/dev-sitereliability.png]
[trello.com/b/JNM99zAE/site-reliability.html]
[d2k1ftgv7pobq7.cloudfront.net/meta/u/res/images/3e655931e8374a41b6a4819452127c9a/dev-productroadmap.png]
[trello.com/b/FrbAJsbH/product-roadmap.html]
[d2k1ftgv7pobq7.cloudfront.net/meta/u/res/images/d435d4d3f678289022868a33b6d486f6/dev-sprintretrospective.png]
[trello.com/b/hkaQsLWx/sprint-retrospective.html]
[d2k1ftgv7pobq7.cloudfront.net/meta/u/res/images/6f4d2a1aa84c78190e4e325164f59b15/webinar-play-btn.png]
[d2k1ftgv7pobq7.cloudfront.net/meta/u/res/images/c8f9af2fa6c39827a86b5d254f261876/webinar.png]
[d2k1ftgv7pobq7.cloudfront.net/meta/u/res/images/09a99a4772474e3c3e8090629c780cd0/powerup-tile-github.png]
[d2k1ftgv7pobq7.cloudfront.net/meta/u/res/images/c2a9f6de2418de736539c36630d073c4/dev-github.jpg]
[d2k1ftgv7pobq7.cloudfront.net/meta/u/res/images/69342dc863aec7b3a5ee5b1133c8c95d/powerup-tile-zendesk.png]
[d2k1ftgv7pobq7.cloudfront.net/meta/u/res/images/53a14cd05aaf67cc73e57ba3a35e4179/dev-zendesk.jpg]
[d2k1ftgv7pobq7.cloudfront.net/meta/u/res/images/c0305b8edeeba670a19a2498da97eb4d/powerup-tile-customfields.png]
[d2k1ftgv7pobq7.cloudfront.net/meta/u/res/images/4762888ce35d0a60bfbb106566f27458/dev-customfields.jpg]
[d2k1ftgv7pobq7.cloudfront.net/meta/u/res/images/586fd8e82eedd58050a2b95306c80011/power-up-screenful.png]
[d2k1ftgv7pobq7.cloudfront.net/meta/u/res/images/92f182568cc4f1b6b0f07aad886ab38d/dev-screenful.jpg]
[d2k1ftgv7pobq7.cloudfront.net/meta/u/res/images/4110a458bc64298f4dc601db987df866/powerup-tile-marker.png]
[d2k1ftgv7pobq7.cloudfront.net/meta/u/res/images/eef4581af2747730d88fb41f26796309/dev-marker.jpg]
[blog.trello.com/hs-fs/hubfs/Imported_Blog_Media/scrum_agile_feature-1024x512.jpg]
[d2k1ftgv7pobq7.cloudfront.net/meta/u/res/images/e45746a50f11f4bd2e57b15339b449d4/agile-post.png]
[blog.trello.com/hs-fs/hubfs/Imported_Blog_Media/retrospectives_feature2-640x360.jpg]
[d2k1ftgv7pobq7.cloudfront.net/meta/u/res/images/ae989257b8784d47a8f7d50e86d31b0a/taco-blog.png]
[d2k1ftgv7pobq7.cloudfront.net/meta/u/res/js/c6ba51228b8178dbca3edb42b4773d1e/teams.js]
[trello.com/teams/engineering.html]
[d2k1ftgv7pobq7.cloudfront.net/meta/u/res/css/f18b16257f1b813ad74b271589b8dfc8/trello-for-teams.css]
[trello.com/login1265.html]
[trello.com/signup1265.html]
[d2k1ftgv7pobq7.cloudfront.net/meta/u/res/teams/team-management/dist/2cbf392290791254e610979858f49edf/pointy-left.png]
[d2k1ftgv7pobq7.cloudfront.net/meta/u/res/teams/team-management/dist/a7be38f9805592df9c3eae431de565a5/pointy-right.png]
[d2k1ftgv7pobq7.cloudfront.net/meta/u/res/teams/team-management/dist/2ef1380e49ba48f5236ab730567329ba/left-sparkles.png]
[d2k1ftgv7pobq7.cloudfront.net/meta/u/res/teams/team-management/dist/879cad6b97e1515d54ebf68f85c0ec33/right-sparkles.png]
[d2k1ftgv7pobq7.cloudfront.net/meta/u/res/teams/team-management/dist/1d89aca3a89942e787f9426af6959094/pricing.png]
[d2k1ftgv7pobq7.cloudfront.net/meta/u/res/teams/team-management/dist/4b742600278191de89a6541e3958bf70/playbooks.png]
[trello.com/teams/team-management.html]
[d2k1ftgv7pobq7.cloudfront.net/meta/u/res/teams/team-management/dist/6ff7eff2140c89a46666653d83ee570d/trello-for-teams.min.js]
[trello.com/login0474.html]
[d2k1ftgv7pobq7.cloudfront.net/meta/u/res/images/e37168bb8c61e0511029519676466a07/playbooks_boardtile_marketing.png]
[trello.com/signup0474.html]
[d2k1ftgv7pobq7.cloudfront.net/meta/u/res/images/d0cb46f56074a89b87726ad2d7fccc43/marketing-editorial.png]
[trello.com/b/UQk1wa4a/editorial-calendar.html]
[d2k1ftgv7pobq7.cloudfront.net/meta/u/res/images/9abc2682302694db3af9e576f7271faa/marketing-overview.png]
[trello.com/b/VoJQd9UF/marketing-overview.html]
[d2k1ftgv7pobq7.cloudfront.net/meta/u/res/images/cbc714578f0a58058ea68f85b87abec2/marketing-eventplanning.png]
[trello.com/b/OUj5xYZN/event-planning.html]
[d2k1ftgv7pobq7.cloudfront.net/meta/u/res/images/8cc9c1e6b026cde9870af16dd9aa5e26/marketing-incomingrequests.png]
[trello.com/b/n0VLHw5j/incoming-requests.html]
[d2k1ftgv7pobq7.cloudfront.net/meta/u/res/images/5ae52694e3e00d034665aec72e06e960/marketing-productlaunch.png]
[trello.com/b/oC0r5y4V/product-launch.html]
[d2k1ftgv7pobq7.cloudfront.net/meta/u/res/images/9aea053cc8a732a87b10c5c787cf1161/powerup-tile-slack.png]
[d2k1ftgv7pobq7.cloudfront.net/meta/u/res/images/716f8f1cb7e965fe963733ad5f80326c/marketing-slack.jpg]
[d2k1ftgv7pobq7.cloudfront.net/meta/u/res/images/cab456b40310bf8daab9cac82c75b217/powerup-tile-drive.png]
[d2k1ftgv7pobq7.cloudfront.net/meta/u/res/images/a8a6ec67b5becfca15d3bf5fa361a174/marketing-drive.jpg]
[d2k1ftgv7pobq7.cloudfront.net/meta/u/res/images/4f5bf029ae0db052926009b80dfd8c47/powerup-tile-calendar.png]
[d2k1ftgv7pobq7.cloudfront.net/meta/u/res/images/3d4f4d6b0710671067efb8121b946d6b/marketing-calendar.jpg]
[d2k1ftgv7pobq7.cloudfront.net/meta/u/res/images/a72ee207f8fcc24446684eb48f9e2028/powerup-tile-evernote.png]
[d2k1ftgv7pobq7.cloudfront.net/meta/u/res/images/aada59f136f5acb4720952378e588bc9/marketing-evernote.jpg]
[d2k1ftgv7pobq7.cloudfront.net/meta/u/res/images/a9cdf4edc7bbf2354a45c25ea15bfe17/powerup-tile-mailchimp.png]
[d2k1ftgv7pobq7.cloudfront.net/meta/u/res/images/91822fc8d955f07b69a374cde038928e/marketing-mailchimp.jpg]
[blog.trello.com/hs-fs/hubfs/trello_editorial_calendar_3.png]
[blog.trello.com/hs-fs/hubfs/Imported_Blog_Media/event_planner-1024x513.png]
[blog.trello.com/hs-fs/hubfs/Imported_Blog_Media/okr_buffer-1024x512.jpg]
[trello.com/teams/marketing.html]
[d2k1ftgv7pobq7.cloudfront.net/meta/u/res/images/c04fbeb669cc00c22c61347d855ec623/playbooks-boardtile-design.png]
[trello.com/signupef78.html]
[d2k1ftgv7pobq7.cloudfront.net/meta/u/res/images/5c5e98a3bccec618828bc7f34abb42d0/design-team.jpg]
[trello.com/b/MYlOLaSK/product-design-team-sample.html]
[d2k1ftgv7pobq7.cloudfront.net/meta/u/res/images/a239d9b358a4bc2becbb0af2d6a4baf7/design-sprint.jpg]
[trello.com/b/6NanhvtF/design-sprint.html]
[d2k1ftgv7pobq7.cloudfront.net/meta/u/res/images/6110466dcf454eb0594f5196d7adf100/design-mvp.jpg]
[trello.com/b/R6DSCtsw/building-an-mvp-barker.html]
[d2k1ftgv7pobq7.cloudfront.net/meta/u/res/images/9516bebc126b11335689e97dbe98bee1/design-requests.jpg]
[trello.com/b/RWHpWQWv/design-requests-sample.html]
[d2k1ftgv7pobq7.cloudfront.net/meta/u/res/images/b7992d132e3c9e9899d3f90493815930/design-huddle.jpg]
[trello.com/b/enj0WUid/huddlessample.html]
[d2k1ftgv7pobq7.cloudfront.net/meta/u/res/images/1fb77db40d4dd2c6f9277a5bc3b5a5b6/power-up-tile-dropbox.png]
[d2k1ftgv7pobq7.cloudfront.net/meta/u/res/images/be0436b9969017fec3cc2e1cbec3ea3c/design-dropbox.jpg]
[d2k1ftgv7pobq7.cloudfront.net/meta/u/res/images/b07e4cfc01a5502bb44b5ddd8d1ed939/power-up-tile-invision.png]
[d2k1ftgv7pobq7.cloudfront.net/meta/u/res/images/206c1f782acccc1c8a33f91602b5a9fc/design-invision.png]
[d2k1ftgv7pobq7.cloudfront.net/meta/u/res/images/d18ec366f93b89f2891affc242eaa1ad/power-up-tile-figma.png]
[d2k1ftgv7pobq7.cloudfront.net/meta/u/res/images/64c95fc3c5743de0d56dcb90a1bc8b55/design-figma.png]
[d2k1ftgv7pobq7.cloudfront.net/meta/u/res/images/9aed92528f8d66495b458cb24b6957df/power-up-tile-zeplin.png]
[d2k1ftgv7pobq7.cloudfront.net/meta/u/res/images/f995447a2bf280748f01c0aa96f91620/design-zeplin.png]
[d2k1ftgv7pobq7.cloudfront.net/meta/u/res/images/b42bd7afb711476b72050af1d6c4b4ce/design-marker.png]
[d2k1ftgv7pobq7.cloudfront.net/meta/u/res/images/ac3e1fc600c39aef3b40f28882fdc7bc/design-resource-board-blog.png]
[d2k1ftgv7pobq7.cloudfront.net/meta/u/res/images/9cc8cd270c1d1060fa58f7d9fc2f1dad/design-mvp-blog.png]
[d2k1ftgv7pobq7.cloudfront.net/meta/u/res/images/d996a15d96c2c92f6835be140c6b568a/design-inspiration-blog.png]
[d2k1ftgv7pobq7.cloudfront.net/meta/u/res/images/f65b5867f407ae55d0d6d2db17a30797/design-nachos-blog.png]
[trello.com/teams/design.html]
[trello.com/logina18c.html]
[d2k1ftgv7pobq7.cloudfront.net/meta/u/res/images/b7875cfa4043a56a539eb171deab0f2f/playbooks_boardtile_sales.png]
[d2k1ftgv7pobq7.cloudfront.net/meta/u/res/images/0d585bf98ad8fa91bc9a26f3e4621781/sales-leadnurturing.png]
[trello.com/signupa18c.html]
[trello.com/b/lrAIa0JW/sales-crm-pipeline.html]
[d2k1ftgv7pobq7.cloudfront.net/meta/u/res/images/07e253de7b99f4602a249ae321e3c560/sales-contractreview.png]
[trello.com/b/DAXLAluv/contract-review.html]
[d2k1ftgv7pobq7.cloudfront.net/meta/u/res/images/ff78e84305f6685c90364fa102bbbf35/sales-customeronboarding.png]
[trello.com/b/2gUieAwh/customer-onboarding.html]
[d2k1ftgv7pobq7.cloudfront.net/meta/u/res/images/aeee5a1f76f86c6081c9b611f7bb23ac/sales-managerequests.png]
[trello.com/b/51WsEhtE/feature-requests.html]
[d2k1ftgv7pobq7.cloudfront.net/meta/u/res/images/8406a9f8227563f1b379e1a85c36b37b/sales-share-resources.png]
[trello.com/b/EAnzdYGO/sales-team-resources.html]
[d2k1ftgv7pobq7.cloudfront.net/meta/u/res/images/83d280be13fac85fa5a9430bd7415477/powerup-tile-salesforce.png]
[d2k1ftgv7pobq7.cloudfront.net/meta/u/res/images/966c03ebf305238b085f6f6088f5d786/sales-salesforce-shot.png]
[d2k1ftgv7pobq7.cloudfront.net/meta/u/res/images/e35590e3ce7d148afe05c5ab84d465f5/sales-drive-shot.png]
[d2k1ftgv7pobq7.cloudfront.net/meta/u/res/images/6f1657047c9f1100d5d726f496232847/sales-cf-shot.png]
[d2k1ftgv7pobq7.cloudfront.net/meta/u/res/images/58bbd07a3afcd2c23cbd5bbb16d8f278/sales-slack-shot.png]
[d2k1ftgv7pobq7.cloudfront.net/meta/u/res/images/028f93c4e6d0fab41b190c901732e5e3/sales-calendar-shot.png]
[blog.trello.com/hs-fs/hubfs/Imported_Blog_Media/sales_teamse902.jpg]
[blog.trello.com/hs-fs/hubfs/Imported_Blog_Media/sales_legal_feature-1024x512c5a2.jpg]
[blog.trello.com/hs-fs/hubfs/Imported_Blog_Media/customer_feedback_feature-1024x5122819.png]
[trello.com/teams/sales.html]
[trello.com/logina83e.html]
[d2k1ftgv7pobq7.cloudfront.net/meta/u/res/images/411dfdfddea814d95db34fa10824d890/playbooks_boardtile_productmanagers.png]
[trello.com/signupa83e.html]
[d2k1ftgv7pobq7.cloudfront.net/meta/u/res/images/b88a11d35cfb5652c4e16fad720c1500/pm-productroadmap.png]
[d2k1ftgv7pobq7.cloudfront.net/meta/u/res/images/2c5ac9b1d8c5a49c8518b4cf2790dc3e/pm-sprintboard.png]
[d2k1ftgv7pobq7.cloudfront.net/meta/u/res/images/f6640f62f723e4c1c400b8a9ff4c9b3c/pm-sprintretrospectives.png]
[trello.com/b/hkaQsLWx/sprint-retrospectives.html]
[d2k1ftgv7pobq7.cloudfront.net/meta/u/res/images/313721fca9e6d5692fff25fe25435d21/pm-projectoverview.png]
[trello.com/b/ZT9nrFqa/project-overview-new-user-experience.html]
[d2k1ftgv7pobq7.cloudfront.net/meta/u/res/images/95add53cfbf19558372d144706488d52/pm-featurerequests.png]
[trello.com/b/jXiWAmTC/feature-requests.html]
[d2k1ftgv7pobq7.cloudfront.net/meta/u/res/images/6b54db6613525f42bef155af933317a5/pm-slack.jpg]
[d2k1ftgv7pobq7.cloudfront.net/meta/u/res/images/73f0f6765c6afbe5882388c5b337cfba/pm-drive.jpg]
[d2k1ftgv7pobq7.cloudfront.net/meta/u/res/images/c2a9f6de2418de736539c36630d073c4/pm-github.jpg]
[d2k1ftgv7pobq7.cloudfront.net/meta/u/res/images/a6c392000a3c9127b79c6c8e8c6ab596/pm-calendar.jpg]
[d2k1ftgv7pobq7.cloudfront.net/meta/u/res/images/f7881fc382adf9f6012b53cabc720b21/powerup-tile-corrello.png]
[d2k1ftgv7pobq7.cloudfront.net/meta/u/res/images/4046a039ba7f32a790ffe89e985d9ee1/pm-corrello.jpg]
[blog.trello.com/hs-fs/hubfs/Imported_Blog_Media/leading_header.jpg]
[trello.com/teams/product.html]
[trello.com/login7933.html]
[d2k1ftgv7pobq7.cloudfront.net/meta/u/res/images/28d2c1c30d44b2ea8386e9f58e5812e0/playbooks_boardtile_support.png]
[trello.com/signup7933.html]
[d2k1ftgv7pobq7.cloudfront.net/meta/u/res/images/069e26c58250161cfacfe34a6e5941f9/support-bugreports.png]
[d2k1ftgv7pobq7.cloudfront.net/meta/u/res/images/c672109e1753e2c56ea42daf6d4acb29/support-responsibilities.png]
[trello.com/b/OQUrT8tA/team-responsibilities.html]
[d2k1ftgv7pobq7.cloudfront.net/meta/u/res/images/f5f61bb79294fbe3a4ff84e7eef8e9c9/support-planning.png]
[trello.com/b/wszdaep2/support-planning.html]
[d2k1ftgv7pobq7.cloudfront.net/meta/u/res/images/f5b6d18640465011aacfa546589d5241/support-swagrequests.png]
[trello.com/b/RXzNQvGE/swag-requests.html]
[d2k1ftgv7pobq7.cloudfront.net/meta/u/res/images/53a14cd05aaf67cc73e57ba3a35e4179/support-zendesk.jpg]
[d2k1ftgv7pobq7.cloudfront.net/meta/u/res/images/47ce39289772c2b2090077ccdbc94398/powerup-tile-intercom.png]
[d2k1ftgv7pobq7.cloudfront.net/meta/u/res/images/75c1fb2adf128a41a15b69488df9ab50/support-intercom.jpg]
[d2k1ftgv7pobq7.cloudfront.net/meta/u/res/images/079d8dabd8f4d914bc95cf895f213280/powerup-tile-twitter.png]
[d2k1ftgv7pobq7.cloudfront.net/meta/u/res/images/ddb10cb443420751f0678d7324ce7cfe/support-twitter.jpg]
[d2k1ftgv7pobq7.cloudfront.net/meta/u/res/images/4762888ce35d0a60bfbb106566f27458/support-customfields.jpg]
[d2k1ftgv7pobq7.cloudfront.net/meta/u/res/images/8870b5da5050fb22ac701a04f3656578/powerup-tile-packagetracker.png]
[d2k1ftgv7pobq7.cloudfront.net/meta/u/res/images/6603aa7f1d176916aecbfa41b66a26e1/support-package.jpg]
[blog.trello.com/hs-fs/hubfs/Imported_Blog_Media/customer_feedback_feature-1024x512.png]
[blog.trello.com/hs-fs/hubfs/Imported_Blog_Media/in_defense_of_tiny_data-1024x474.jpg]
[blog.trello.com/hs-fs/hubfs/Imported_Blog_Media/Screen-Shot-2016-09-12-at-4_32_39-PM-1024x487.png]
[trello.com/teams/support.html]
[trello.com/logine3aa.html]
[d2k1ftgv7pobq7.cloudfront.net/meta/u/res/images/1400dc75dd1361942d5de98a1e0736ea/playbooks_boardtile_hr.png]
[trello.com/signupe3aa.html]
[d2k1ftgv7pobq7.cloudfront.net/meta/u/res/images/1a2ec07ab66c24b4e395f141fc76b2d1/hr-newhire.png]
[trello.com/b/j6XndBYs/new-hire-onboarding.html]
[d2k1ftgv7pobq7.cloudfront.net/meta/u/res/images/e8d48d4a290230801bf78ccb0508e695/hr-employeemanual.png]
[d2k1ftgv7pobq7.cloudfront.net/meta/u/res/images/0a6d405274fc330f2982bb2cbfaf2d1f/hr-recruitinpipeline.png]
[trello.com/b/uGtv1gr7/recruiting-pipeline.html]
[d2k1ftgv7pobq7.cloudfront.net/meta/u/res/images/24639a8bff2a481add1b88e6937419f2/hr-interviewpipeline.png]
[trello.com/b/UQqGyNFG/interview-pipeline.html]
[d2k1ftgv7pobq7.cloudfront.net/meta/u/res/images/4a56222f89902cb9003a5ec2513bf35b/hr-teambuilding.png]
[trello.com/b/boCFEV6f/team-building.html]
[d2k1ftgv7pobq7.cloudfront.net/meta/u/res/images/2cd7f649a84856f54ca49d6178ef1dc7/hr-googledrive.jpg]
[d2k1ftgv7pobq7.cloudfront.net/meta/u/res/images/b375771aa96de87e4c58bc7bcfd67e6b/hr-slack.jpg]
[d2k1ftgv7pobq7.cloudfront.net/meta/u/res/images/633f6f4af6e624bca5a62ef88f7de4ba/hr-calendar.jpg]
[d2k1ftgv7pobq7.cloudfront.net/meta/u/res/images/155c11d3318998e062755a8e3348590e/hr-appearin.jpg]
[d2k1ftgv7pobq7.cloudfront.net/meta/u/res/images/815e873cea1dde247435c2bc1d04a6d2/powerup-tile-surveymonkey.png]
[d2k1ftgv7pobq7.cloudfront.net/meta/u/res/images/95f27c19ad3e5c46f271dd32b6efe476/hr-surveymonkey.jpg]
[blog.trello.com/hs-fs/hubfs/Imported_Blog_Media/Screen-Shot-2015-07-14-at-10_11_28-AM-640x356.png]
[blog.trello.com/hs-fs/hubfs/Imported_Blog_Media/typeform_feature-1024x512.jpg]
[blog.trello.com/hs-fs/hubfs/Imported_Blog_Media/employee_manual_feature-1.jpg]
[trello.com/teams/humanresources.html]
[trello.com/logind9d2.html]
[trello.com/signupd9d2.html]
[d2k1ftgv7pobq7.cloudfront.net/meta/u/res/images/6916bcff13761ea690888f992f74a8d8/playbooks_boardtile_remoteteams.png]
[d2k1ftgv7pobq7.cloudfront.net/meta/u/res/images/00def008334585e604f4d5c1a398517b/project-management-board.jpg]
[trello.com/b/1x4Uql2u/project-management.html]
[d2k1ftgv7pobq7.cloudfront.net/meta/u/res/images/6ab9f20ad8027ef90650405b94dcd713/team-meeting.jpg]
[trello.com/b/lYdxML7x/weekly-team-meetings.html]
[d2k1ftgv7pobq7.cloudfront.net/meta/u/res/images/f266231755cba00fdd6be732aee74b49/team-hub.jpg]
[trello.com/b/E4uILULn/team-hub.html]
[d2k1ftgv7pobq7.cloudfront.net/meta/u/res/images/24bfed2ebd1f635fb8a6a821c1bb3523/team-bonding.jpg]
[trello.com/b/s1mqXsyv/remote-team-bonding-board.html]
[d2k1ftgv7pobq7.cloudfront.net/meta/u/res/images/324d6f7fadb1d215a5c918944a914293/team-mrrogers.jpg]
[trello.com/b/Y5Mt4p2E/mr-rogers-sample.html]
[d2k1ftgv7pobq7.cloudfront.net/meta/u/res/images/67c7f6909b47b6dcad3dc03dc69cf1c8/team-brainstorming.jpg]
[trello.com/b/fs1wCJ9r/brainstorming-board.html]
[trello.com/remote-work-guide.html]
[d2k1ftgv7pobq7.cloudfront.net/meta/u/res/images/6f887ff0b9e75f64581c093d4a63fd8f/team-slack.jpg]
[trello.com/power-ups/55a5d915446f517774210000/whereby.html]
[d2k1ftgv7pobq7.cloudfront.net/meta/u/res/images/ac67b0284cd383947c9c8b7a6274e222/team-drive.jpg]
[d2k1ftgv7pobq7.cloudfront.net/meta/u/res/images/a08fc333c3331b6adb74bc07f62ed2ed/powerup-tile-planyway.jpg]
[d2k1ftgv7pobq7.cloudfront.net/meta/u/res/images/1e55a07949e1aa6cb2da638afeb81c54/team-planyway.jpg]
[d2k1ftgv7pobq7.cloudfront.net/meta/u/res/images/da85987645599be0596afcae2c04fd81/powerup-tile-confluence.jpg]
[d2k1ftgv7pobq7.cloudfront.net/meta/u/res/images/3a701611e1ea87f0e93310b3c24d09f9/team-confluence.jpg]
[d2k1ftgv7pobq7.cloudfront.net/meta/u/res/images/d6b67b40d062b25ae9200ed8aa2c1ed7/team-mistakes.png]
[d2k1ftgv7pobq7.cloudfront.net/meta/u/res/images/d6c7657f2cb5360d5de8adaa75e28161/team-communication.png]
[d2k1ftgv7pobq7.cloudfront.net/meta/u/res/images/06ce6dc2b5245a736c67bee6d470a10f/team-misconceptions.png]
[trello.com/teams/remote-team-management.html]
[trello.com/loginbd63.html]
[d2k1ftgv7pobq7.cloudfront.net/meta/u/res/images/c57e1a6bdc116c0de9c2775b203d9c5d/playbooks_boardtile_startups.png]
[d2k1ftgv7pobq7.cloudfront.net/meta/u/res/images/a2b8d56793583cf84783a06dfe467273/startup-company.jpg]
[trello.com/signupbd63.html]
[trello.com/b/IviOyryM/company-overview.html]
[d2k1ftgv7pobq7.cloudfront.net/meta/u/res/images/7a3ce17e9324a8d32efb103fad9dc97a/startup-sprint.jpg]
[trello.com/b/ZqN99gGN/sprint-board.html]
[d2k1ftgv7pobq7.cloudfront.net/meta/u/res/images/d3fa842b4f25c2b7a5466723910cb5b3/startup-onboarding.jpg]
[d2k1ftgv7pobq7.cloudfront.net/meta/u/res/images/e4275f374a83a038c21f841850c972ab/startup-crm.jpg]
[d2k1ftgv7pobq7.cloudfront.net/meta/u/res/images/2913c4fdc4debc86f59b1068a75a7106/startup-office.jpg]
[d2k1ftgv7pobq7.cloudfront.net/meta/u/res/images/ac67b0284cd383947c9c8b7a6274e222/startup-drive.jpg]
[d2k1ftgv7pobq7.cloudfront.net/meta/u/res/images/6f887ff0b9e75f64581c093d4a63fd8f/startup-slack.jpg]
[d2k1ftgv7pobq7.cloudfront.net/meta/u/res/images/5d690a1d7b1ba8f9055b0691e90e4e3e/startup-custom.jpg]
[d2k1ftgv7pobq7.cloudfront.net/meta/u/res/images/4ed10dae3fd8d57191de9a3227069365/startup-calendar.jpg]
[d2k1ftgv7pobq7.cloudfront.net/meta/u/res/images/c643d25fd31563d9f7a4765ac37c7326/power-up-tile-bitbucket.png]
[d2k1ftgv7pobq7.cloudfront.net/meta/u/res/images/7169dae653bb83596bd4983f727fafc2/startup-bitbucket.jpg]
[d2k1ftgv7pobq7.cloudfront.net/meta/u/res/images/97ff09cc05cc35a92467bb5bedec2f26/startup-entrepreneur.png]
[d2k1ftgv7pobq7.cloudfront.net/meta/u/res/images/bdd7a6b7003ea80216a8f5962e3a51e8/startup-okr.jpg]
[d2k1ftgv7pobq7.cloudfront.net/meta/u/res/images/4e4f1fc08dc1147be39df04bc9b63e5e/startup-gtm.png]
[trello.com/teams/startups.html]
[trello.com/login5d6e.html]
[d2k1ftgv7pobq7.cloudfront.net/meta/u/res/images/cd631972a86e4301c4f90a9435dd7ed3/playbooks_boardtile_productivity.png]
[trello.com/signup5d6e.html]
[d2k1ftgv7pobq7.cloudfront.net/meta/u/res/images/1a5bc0321aa9abc45e6841a6221d7dfb/productivity-mise.png]
[trello.com/b/Q7CGZVWi/mise-en-place-personal-productivity-system.html]
[d2k1ftgv7pobq7.cloudfront.net/meta/u/res/images/c507679c8495c43b4a0b342745a2c7ab/productivity-eisenhower.jpg]
[trello.com/b/CXVefGzw/to-dos-eisenhower-matrix-style.html]
[d2k1ftgv7pobq7.cloudfront.net/meta/u/res/images/54cd7f92b0d11ab76b2ae0fc35dd9687/productivity-weekly.jpg]
[trello.com/b/O3xTMwoI/weekly-to-dos-review-process.html]
[d2k1ftgv7pobq7.cloudfront.net/meta/u/res/images/eab29a4cdcf67cb981a2ae3ca484bdc1/productivity-mind.jpg]
[trello.com/b/569EqOay/mind-mapping-technique.html]
[trello.com/power-ups/55a5d917446f517774210011/calendar.html]
[d2k1ftgv7pobq7.cloudfront.net/meta/u/res/images/db8ad232f3e16863450bc657153eb520/productivity-calendar.jpg]
[d2k1ftgv7pobq7.cloudfront.net/meta/u/res/images/bf6a2d5d2f43ec79ba9d3c16c0445304/power-up-tile-snooze.png]
[trello.com/power-ups/58dd18bdccfca7af8311792e/card-snooze.html]
[d2k1ftgv7pobq7.cloudfront.net/meta/u/res/images/4af0c2163ab7682ea40a120bb149cb72/productivity-snooze.jpg]
[d2k1ftgv7pobq7.cloudfront.net/meta/u/res/images/2b2e9c6f3e96e3ad370d9b0b2a928565/powerup-tile-repeater.png]
[trello.com/power-ups/57b47fb862d25a30298459b1/card-repeater.html]
[d2k1ftgv7pobq7.cloudfront.net/meta/u/res/images/ffaab9254db1385e75e656db92546403/productivity-repeater.jpg]
[trello.com/power-ups/55a5d915446f517774210003/evernote.html]
[d2k1ftgv7pobq7.cloudfront.net/meta/u/res/images/15e9befcb6ea2afec1eead3ef1354355/productivity-evernote.jpg]
[d2k1ftgv7pobq7.cloudfront.net/meta/u/res/images/eb9c643e87d0b2e73d66436427aa396c/power-up-tile-butler.png]
[trello.com/power-ups/5935cab6b26816f9d49fd814/butler.html]
[d2k1ftgv7pobq7.cloudfront.net/meta/u/res/images/3ad35d3ed26adff5d76bd8cc6604bfe1/productivity-butler.png]
[d2k1ftgv7pobq7.cloudfront.net/meta/u/res/images/07e4cf4d5b7c84ca4dfc76e731832026/productivity-worklifeblog.png]
[d2k1ftgv7pobq7.cloudfront.net/meta/u/res/images/daec7d2861921bd9b34fae756f25f678/productivity-eisenhowerblog.jpg]
[d2k1ftgv7pobq7.cloudfront.net/meta/u/res/images/531adcea9a1b68bc88465749f69ea1d8/productivity-personalblog.png]
[d2k1ftgv7pobq7.cloudfront.net/meta/u/res/images/3604946c93442e8a293a780e61f755df/productivity-journalblog.png]
[trello.com/teams/personal-productivity.html]
[trello.com/login2220.html]
[d2k1ftgv7pobq7.cloudfront.net/meta/u/res/images/7a84409accce2b5255bcb0ed1253206f/playbooks_boardtile_home.png]
[d2k1ftgv7pobq7.cloudfront.net/meta/u/res/images/f48edd5cfe9d786bfd56f2d45926e778/home-vacation.jpg]
[trello.com/b/bwqhSNSh/vacation-planning.html]
[trello.com/signup2220.html]
[d2k1ftgv7pobq7.cloudfront.net/meta/u/res/images/a9ded0f1aa7f3bfeb8fe8f2b2e52b071/home-party.jpg]
[trello.com/b/v5sRYGdh/connors-8th-birthday-bash.html]
[d2k1ftgv7pobq7.cloudfront.net/meta/u/res/images/06929eec5c8d23923b71d2c94be0daf1/home-meal.jpg]
[trello.com/b/yCgLRjHj/brians-meal-planning-board.html]
[d2k1ftgv7pobq7.cloudfront.net/meta/u/res/images/7d34833b2e82b9c7f6705a42d4a97fea/home-kitchen.jpg]
[trello.com/b/4Y0idQQT/kitchen-project.html]
[d2k1ftgv7pobq7.cloudfront.net/meta/u/res/images/29e4736d009638a8229f5fbfc59e978f/home-chores.jpg]
[trello.com/b/wqQ40ir4/household-chores.html]
[d2k1ftgv7pobq7.cloudfront.net/meta/u/res/images/7f27c9e22d0cba84cdae47bfc3801230/home-calendar.jpg]
[d2k1ftgv7pobq7.cloudfront.net/meta/u/res/images/340cd0d724111b2436ffe6e52c4c45a3/home-package.jpg]
[d2k1ftgv7pobq7.cloudfront.net/meta/u/res/images/be3867651cb4625d7fa35584529a49ef/powerup-tile-costello.png]
[d2k1ftgv7pobq7.cloudfront.net/meta/u/res/images/93c74f3e4a00165701bbd4e4ba375b5d/home-costello.jpg]
[d2k1ftgv7pobq7.cloudfront.net/meta/u/res/images/040a05751a871b9638c89e637d204188/home-repeater.jpg]
[d2k1ftgv7pobq7.cloudfront.net/meta/u/res/images/1cc93f3920054887e56972825a33b3bc/home-evernote.jpg]
[d2k1ftgv7pobq7.cloudfront.net/meta/u/res/images/f184c0398946eb59d0eeb724a194447f/home-sage-blog.png]
[d2k1ftgv7pobq7.cloudfront.net/meta/u/res/images/33032093d17ea687d850a1c19c9d7f08/home-meal-blog.jpg]
[d2k1ftgv7pobq7.cloudfront.net/meta/u/res/images/f9abc7979f87d2be454798ef2c146239/home-move-blog.png]
[d2k1ftgv7pobq7.cloudfront.net/meta/u/res/images/5d58967d4ced500390886eddbe420478/home-vacation-blog.jpg]
[trello.com/teams/home.html]
[trello.com/logina352.html]
[d2k1ftgv7pobq7.cloudfront.net/meta/u/res/images/d7b1253243a75ec9b5159249f78676d2/playbooks_boardtile_wedding.png]
[d2k1ftgv7pobq7.cloudfront.net/meta/u/res/images/05a3e601b8c6af305c7503130d4b8ba6/weddings-planning.jpg]
[trello.com/signupa352.html]
[trello.com/b/JeOMdNMH/wedding-planning.html]
[d2k1ftgv7pobq7.cloudfront.net/meta/u/res/images/4c75318a33db6817a7dbe4ca8f2cc93a/weddings-timeline.jpg]
[trello.com/b/lHRaeSZ7/wedding-day-timeline.html]
[d2k1ftgv7pobq7.cloudfront.net/meta/u/res/images/b964d5a1839a8f47aa3306d2dd166953/weddings-bridalparty.jpg]
[trello.com/b/wFECC39M/wedding-bridesmaid-board.html]
[d2k1ftgv7pobq7.cloudfront.net/meta/u/res/images/13d5326a795b9ff93f0ad0a2f736d735/weddings-seating.jpg]
[trello.com/b/kw7E5XeZ/wedding-seating-arrangement.html]
[d2k1ftgv7pobq7.cloudfront.net/meta/u/res/images/9d2847d0351f39b0ab81999a0664b34c/weddings-thankyou.jpg]
[trello.com/b/IuoxVMY1/wedding-thank-you-cards.html]
[d2k1ftgv7pobq7.cloudfront.net/meta/u/res/images/273233599c614e9ac8fbc9eff2cdbdef/weddings-calendar.png]
[d2k1ftgv7pobq7.cloudfront.net/meta/u/res/images/fdb202a06766f758721c356d42fc99dc/weddings-costello.png]
[d2k1ftgv7pobq7.cloudfront.net/meta/u/res/images/5584b33c40679b8529b59a8fd81ab20a/weddings-package.png]
[d2k1ftgv7pobq7.cloudfront.net/meta/u/res/images/534952a0b46fff307655ba754fa59c19/weddings-drive.png]
[d2k1ftgv7pobq7.cloudfront.net/meta/u/res/images/84eb222f6552d47bfd685b90a3b30f19/weddings-custom.png]
[d2k1ftgv7pobq7.cloudfront.net/meta/u/res/images/82b6f93774c490620602b2639f8db9c9/weddings-sayyesblog.jpg]
[d2k1ftgv7pobq7.cloudfront.net/meta/u/res/images/a59db307dc9ea464c099d2eecf54bbdd/weddings-eventblog.png]
[d2k1ftgv7pobq7.cloudfront.net/meta/u/res/images/7acc0f3918790def1496857509c89104/weddings-calblog.jpg]
[trello.com/teams/wedding-planning.html]
[images.ctfassets.net/rz1oowkt5gyp/431Z1lIfh1A70kN0LNrHI7/d03854b77a056d9932fb5217a285c7dd/transform-the-way-your-company-works-with-trello-enterprise9925.png]
[images.ctfassets.net/rz1oowkt5gyp/2bdnaN4ecqeHkIElNpKxIf/adbed57c2b4ee203f5c9f82bfe4aafe9/corrected-1x.png]
[trello.com/remote-work-playbook-for-team-success.html]
[d2k1ftgv7pobq7.cloudfront.net/meta/u/res/css/25f79fc36c0e1135300a82f84c508444/normalize.css]
[d2k1ftgv7pobq7.cloudfront.net/meta/u/res/css/e99a0fc72a1de0f0a32061c438ab5c43/main.css]
[d2k1ftgv7pobq7.cloudfront.net/meta/u/res/integrations/css/41a5dca9dcfd5322a5b85120af54cd16/integrations.css]
[d2k1ftgv7pobq7.cloudfront.net/meta/u/res/integrations/js/slick/885deefd4637c17750fdcf4855bb225c/slick.css]
[d2k1ftgv7pobq7.cloudfront.net/meta/u/res/integrations/js/slick/8ed8d24677bedb459c9ab58c5c0b3982/slick-theme.css]
[trello.com/login223b.html]
[trello.com/signup223b.html]
[trello.com/power-ups4d2f.html]
[bxp-content-static.prod.public.atl-paas.net/js/UiBlock.03a825894ad2b2268b0c.min.js]
[images.ctfassets.net/rz1oowkt5gyp/3lyvgrnwhTKTaZLMneBs3i/df844edea2947a8f82c66b33e0917686/sysadmin-1.jpg]
[images.ctfassets.net/rz1oowkt5gyp/jnqvPIw1leC8FrPkXH2wl/f755de99783628b80afdfd0034484218/sysadmin-2.jpg]
[images.ctfassets.net/rz1oowkt5gyp/5wezbPeFc8jp4KTQX07CXG/3787978e4a97aa825f93db957491b539/sysadmin-3.jpg]
[trello.com/sso-configuration.html]
[images.ctfassets.net/rz1oowkt5gyp/D2tgkLymKiO90DccG53PF/8c4b7913253830550542ed0f923fe975/Trello_SSO_Banner.png]
[images.ctfassets.net/rz1oowkt5gyp/1K0BvbCeL0GcySVtt5sdb6/3f0dc59a9223e1e72213efd0eb4d0859/Trello_Email.png]
[images.ctfassets.net/rz1oowkt5gyp/4UwGxCMTBUqvoffVlO6Foz/770432a8c5efe792225723c4281d7668/Enterprise_Wide_Permissions.png]
[images.ctfassets.net/rz1oowkt5gyp/2VE06O5x9CG4VMGCKsrBwr/01180f8a9be8bf2eb41e9d5759480c46/guide-book.png]
[trello.com/guide/enterprise/sysadmin.html]
[images.ctfassets.net/rz1oowkt5gyp/7fbMvTzFWgQYhbvK0TOATk/24c55d0fff6883adaf70491ffe7dada0/convert-enterprise2.png]
[images.ctfassets.net/rz1oowkt5gyp/6kbptTbWvaUhByMDy1uJaL/3f53b16190b1f8cf92d65e7f715b7c58/SSO3.png]
[trello.com/b/ANpOpyQQ/team-organization-central.html]
[trello.com/b/ry8F0DOb/team-goal-setting-central.html]
[trello.com/b/GDz7Wd53/weekly-team-meetings.html]
[images.ctfassets.net/rz1oowkt5gyp/6iA6MFYpAokHPR3vJxSMyh/f0d5d265c1299589f80f5b2e9f8fa1d9/Power-Up_Right_Hand_Menu.png]
[images.ctfassets.net/rz1oowkt5gyp/6ND84o5RKVEI4pInNwTJQK/bc8bcbf15635b61838e1329ce9963438/Power-Up_Directory_In_Board.png]
[trello.com/guide/enterprise/enduser.html]
[trello.com/login8b93.html]
[trello.com/signup8b93.html]
[trello.com/create-first-team.html]
[cdn.jsdelivr.net/npm/popper.js@1.16.0/dist/umd/popper.min.js]
[stackpath.bootstrapcdn.com/bootstrap/4.4.1/js/bootstrap.min.js]
[trello.com/free-trial.html]
[trello.com/select-team-to-upgrade.html]
[trello.com/me/billing/card/trelloGoldMonthly.html]
[d2k1ftgv7pobq7.cloudfront.net/meta/u/res/js/50f5ab0301e31bc91abd0ffc8220ab94/free-trial.js]
[trello.com/recommend.html]
[trello.com/signup1dd7]
[trello.com/guide/GET.html]
[bxp-content-static.prod.public.atl-paas.net/js/UiRecommendShare.3622277dc618b9fa1c57.min.js]
[trello.com/login2a39.html]
[trello.com/signup2a39.html]
[images.ctfassets.net/rz1oowkt5gyp/7DqOT6hNq7VHoCjfLtamGl/84339d7dfbe54a9acc8c29d4fb0ca2df/tile-enduser9925.png]
[images.ctfassets.net/rz1oowkt5gyp/6l5kWVE22OkOTm9aFTEQQe/8173bd2fe0e91f7aa8166c22b9ec5312/tile-sysadmin9925.png]
[trello.com/guide/enterprise.html]
[trello.com/b/1Jz6SorC/the-dev-board22d4.html]
[trello.com/b/ocCuiDQ4/hawaii-vacation22d4.html]
[trello.com/power-ups22d4.html]
[trello.com/inspiration.html]
[trello.com/login10e7.html]
[trello.com/guide/trello-102.html]
[trello.com/signup10e7.html]
[trello.com/loginca53.html]
[trello.com/guide/create-a-board-2.html]
[trello.com/signupca53.html]
[trello.com/guide/feature-deep-dive-2.html]
[trello.com/loginff43.html]
[trello.com/signupff43.html]
[trello.com/guide/power-up-productivity-2.html]
[trello.com/login9e0a.html]
[trello.com/signup9e0a.html]
[trello.com/guide/expand-your-use-of-trello-2.html]
[trello.com/login06a9.html]
[trello.com/signup06a9.html]
[trello.com/guide/collaboration-2.html]
[trello.com/login9642.html]
[trello.com/signup9642.html]
[trello.com/guide/create-a-team-2.html]
[trello.com/login2456.html]
[trello.com/signup2456.html]
[trello.com/guide/team-administration-2.html]
[trello.com/login7c0d.html]
[trello.com/signup7c0d.html]
[trello.com/guide/pro-tips-2.html]
[trello.com/logine0ea.html]
[trello.com/signupe0ea.html]
[trello.com/guide/how-to-leave-your-old-tools-2.html]
[trello.com/logind313.html]
[trello.com/signupd313.html]
[trello.com/b/HbTEX5hb/employee-manual.html]
[trello.com/loginea3e.html]
[trello.com/signupea3e.html]
[trello.com/logind81e.html]
[trello.com/loginc79f.html]
[trello.com/signupc79f.html]
[trello.com/power-ups/55a5d917446f51777421000a/slack21ed.html]
[trello.com/power-ups/588a331cc86ffbe08f5d2c67/bitbucket-cloud21ed.html]
[trello.com/power-ups/55a5d916446f517774210006/google-drive21ed.html]
[trello.com/power-ups/55a5d917446f517774210009/salesforce21ed.html]
[trello.com/power-ups21ed.html]
[trello.com/power-ups/56d5e249a98895a9797bebb9/custom-fields21ed.html]
[trello.com/power-ups/57b47fb862d25a30298459b1/card-repeater21ed.html]
[trello.com/power-ups/55a5d917446f517774210011/calendar21ed.html]
[trello.com/business-class21ed.html]
[trello.com/enterprise21ed.html]
[trello.com/power-ups/55a5d915446f517774210003/evernote21ed.html]
[trello.com/power-ups/5940440775fbe327abd3329f/onedrive21ed.html]
[trello.com/power-ups/596f2cb2d279152540b2bb31/invision&utm_medium=power-up productvitiy.html]
[trello.com/power-ups/55a5d915446f517774210002/dropbox21ed.html]
[trello.com/power-ups/55a5d915446f517774210000/whereby21ed.html]
[trello.com/teams21ed.html]
[trello.com/login4f4d.html]
[trello.com/signup4f4d.html]
[trello.com/login2e42.html]
[trello.com/signup2e42.html]
[trello.com/loginca5c.html]
[trello.com/signupca5c.html]
[trello.com/signupd81e.html]
[bxp-content-static.prod.public.atl-paas.net/js/UiAddToSlackSection.0b2f27177c171301601b.min.js]
[bxp-content-static.prod.public.atl-paas.net/js/UiVideo.499bcf13f725303d4ae7.min.js]
[images.ctfassets.net/rz1oowkt5gyp/58Gp86k0IsX1ntWnF0pSZt/4a200d298c41d1f988d99f532c185169/slack-trello9925.png]
[images.ctfassets.net/rz1oowkt5gyp/4XzPU8K6KH4drE6lxkjTqW/341de97ff8bdc69a595191eea70275b2/slack-taco-delivery.png]
[images.ctfassets.net/rz1oowkt5gyp/5WlEbEQZnaqqVsGeSvjn5V/fcd56d1aa86c1e905db3ef44415acd21/slack-mobile_2x9925.png]
[images.ctfassets.net/rz1oowkt5gyp/7z9VPcBff67GARNDSGw6uU/69d6217c0a88088a25cfae0f2340a2fa/slack-webdesign_2x9925.png]
[trello.com/platforms/slack.html]
[trello.com/login9eb0.html]
[trello.com/signup9eb0.html]
[trello.com/guide/getting-starteddc1b.html]
[trello.com/platforms/slackdc1b.html]
[trello.com/business-classdc1b.html]
[trello.com/b/lGQZunS7/company-overview.html]
[trello.com/b/HbTEX5hb/employee-manual-sample-board.html]
[trello.com/b/K0ZOiQ7U/town-hall-meetings.html]
[trello.com/b/ezWgKsol/sales-enterprise-feature-requests-sample.html]
[trello.com/logine3f6.html]
[trello.com/signupe3f6.html]
[trello.com/your/cards.html]
[trello.com/business-class1016.html]
[trello.com/enterprise1016.html]
[trello.com/gold1016.html]
[trello.com/b/QtjSVKOf/the-ultimate-board-of-trello-tips-tricks.html]
[trello.com/loginadaa.html]
[trello.com/signupadaa.html]
[d2k1ftgv7pobq7.cloudfront.net/meta/u/res/css/24ae449e2f4f57e895e823ccf39c4514/teams.css]
[trello.com/teams/GET.html]
[trello.com/login324f.html]
[trello.com/signup324f.html]
[trello.com/b/ZqN99gGN/agile-sprint-board.html]
[trello.com/b/DJkOiRrz/bug-reports.html]
[trello.com/b/JNM99zAE/site-reliability.html]
[trello.com/b/FrbAJsbH/product-roadmap.html]
[trello.com/b/hkaQsLWx/sprint-retrospective.html]
[d2k1ftgv7pobq7.cloudfront.net/meta/u/res/css/f18b16257f1b813ad74b271589b8dfc8/trello-for-teams.css]
[trello.com/login1265.html]
[trello.com/signup1265.html]
[trello.com/login0474.html]
[trello.com/signup0474.html]
[trello.com/b/UQk1wa4a/editorial-calendar.html]
[trello.com/b/VoJQd9UF/marketing-overview.html]
[trello.com/b/OUj5xYZN/event-planning.html]
[trello.com/b/n0VLHw5j/incoming-requests.html]
[trello.com/b/oC0r5y4V/product-launch.html]
[trello.com/signupef78.html]
[trello.com/b/MYlOLaSK/product-design-team-sample.html]
[trello.com/b/6NanhvtF/design-sprint.html]
[trello.com/b/R6DSCtsw/building-an-mvp-barker.html]
[trello.com/b/RWHpWQWv/design-requests-sample.html]
[trello.com/b/enj0WUid/huddlessample.html]
[trello.com/logina18c.html]
[trello.com/signupa18c.html]
[trello.com/b/lrAIa0JW/sales-crm-pipeline.html]
[trello.com/b/DAXLAluv/contract-review.html]
[trello.com/b/2gUieAwh/customer-onboarding.html]
[trello.com/b/51WsEhtE/feature-requests.html]
[trello.com/b/EAnzdYGO/sales-team-resources.html]
[trello.com/logina83e.html]
[trello.com/signupa83e.html]
[trello.com/b/hkaQsLWx/sprint-retrospectives.html]
[trello.com/b/ZT9nrFqa/project-overview-new-user-experience.html]
[trello.com/b/jXiWAmTC/feature-requests.html]
[trello.com/login7933.html]
[trello.com/signup7933.html]
[trello.com/b/OQUrT8tA/team-responsibilities.html]
[trello.com/b/wszdaep2/support-planning.html]
[trello.com/b/RXzNQvGE/swag-requests.html]
[trello.com/logine3aa.html]
[trello.com/signupe3aa.html]
[trello.com/b/j6XndBYs/new-hire-onboarding.html]
[trello.com/b/uGtv1gr7/recruiting-pipeline.html]
[trello.com/b/UQqGyNFG/interview-pipeline.html]
[trello.com/b/boCFEV6f/team-building.html]
[trello.com/images/powerup-tile-whereby.png]
[trello.com/loginef78]
[trello.com/logind9d2.html]
[trello.com/signupd9d2.html]
[trello.com/b/1x4Uql2u/project-management.html]
[trello.com/b/lYdxML7x/weekly-team-meetings.html]
[trello.com/b/E4uILULn/team-hub.html]
[trello.com/b/s1mqXsyv/remote-team-bonding-board.html]
[trello.com/b/Y5Mt4p2E/mr-rogers-sample.html]
[trello.com/b/fs1wCJ9r/brainstorming-board.html]
[d2k1ftgv7pobq7.cloudfront.net/meta/u/res/css/959c392974dcb90deee0a26b35f28d3f/remote-work-guide.css]
[d2k1ftgv7pobq7.cloudfront.net/meta/u/res/images/8fda914aba99a8ce486e8499ebfcd8bb/hero-astronaut.png]
[d2k1ftgv7pobq7.cloudfront.net/meta/u/res/images/926cf2f40f7315e4c911f7fca1eea193/myths-slackers.png]
[d2k1ftgv7pobq7.cloudfront.net/meta/u/res/images/945a2199bbbe9357882247a21a3b4f97/myths-roadblock.png]
[d2k1ftgv7pobq7.cloudfront.net/meta/u/res/images/0c52600c51880595178157c488bea8af/collaboration-team.png]
[d2k1ftgv7pobq7.cloudfront.net/meta/u/res/images/c249fb26d8e34879633be94279bae41f/collaboration-context.png]
[d2k1ftgv7pobq7.cloudfront.net/meta/u/res/images/17fb250c17d7f4136bbecff311f700ba/collaboration-remote-meeting.png]
[d2k1ftgv7pobq7.cloudfront.net/meta/u/res/images/fb2d16a203e4293135bffa5d31e41026/collaboration-bubbles.png]
[d2k1ftgv7pobq7.cloudfront.net/meta/u/res/images/40b322dd49854431b8ff1f4c8600a303/collaboration-board.png]
[d2k1ftgv7pobq7.cloudfront.net/meta/u/res/images/9a51199efd8e117e74bbbbe2ab61ca89/tools-map.png]
[d2k1ftgv7pobq7.cloudfront.net/meta/u/res/images/a741619f098654b626312a2de906f808/tools-astronaut.png]
[d2k1ftgv7pobq7.cloudfront.net/meta/u/res/images/a3935bc924df18b07c9239c874c40e2c/logo-google-docs.png]
[d2k1ftgv7pobq7.cloudfront.net/meta/u/res/images/e77bf75b5cee1ed9145bcea804cdcba5/culture-team.png]
[d2k1ftgv7pobq7.cloudfront.net/meta/u/res/images/38c36087537b883e7c4faaa8c9df89d0/culture-girl-writing.png]
[d2k1ftgv7pobq7.cloudfront.net/meta/u/res/images/2613e5c72e55f17ed88924128625d92b/culture-ice-breakers.png]
[d2k1ftgv7pobq7.cloudfront.net/meta/u/res/images/c555952d91e4444dfa5a2b103dd6aad5/interviews-beach.png]
[d2k1ftgv7pobq7.cloudfront.net/meta/u/res/images/5c53bc38f851504a435dbf7feae1acd8/interviews-conversation.png]
[d2k1ftgv7pobq7.cloudfront.net/meta/u/res/images/8eb29695080629bb543e49410ee4766c/interviews-world.png]
[d2k1ftgv7pobq7.cloudfront.net/meta/u/res/images/bea563df103265a8c12baa368cdd2e19/footer-trello-logo-love.png]
[d2k1ftgv7pobq7.cloudfront.net/meta/u/res/js/03fa99d01ac2f5d9c1d98c2e99747169/remote-work-guide.js]
[trello.com/remote-work-guide.html]
[trello.com/power-ups/55a5d915446f517774210000/whereby.html]
[trello.com/images/team-whereby.jpg]
[trello.com/loginbd63.html]
[trello.com/signupbd63.html]
[trello.com/b/IviOyryM/company-overview.html]
[trello.com/b/ZqN99gGN/sprint-board.html]
[trello.com/login5d6e.html]
[trello.com/signup5d6e.html]
[trello.com/b/Q7CGZVWi/mise-en-place-personal-productivity-system.html]
[trello.com/b/CXVefGzw/to-dos-eisenhower-matrix-style.html]
[trello.com/b/O3xTMwoI/weekly-to-dos-review-process.html]
[trello.com/b/569EqOay/mind-mapping-technique.html]
[trello.com/power-ups/55a5d917446f517774210011/calendar.html]
[trello.com/power-ups/58dd18bdccfca7af8311792e/card-snooze.html]
[trello.com/power-ups/57b47fb862d25a30298459b1/card-repeater.html]
[trello.com/power-ups/55a5d915446f517774210003/evernote.html]
[trello.com/power-ups/5935cab6b26816f9d49fd814/butler.html]
[trello.com/login2220.html]
[trello.com/signup2220.html]
[trello.com/b/bwqhSNSh/vacation-planning.html]
[trello.com/b/v5sRYGdh/connors-8th-birthday-bash.html]
[trello.com/b/yCgLRjHj/brians-meal-planning-board.html]
[trello.com/b/4Y0idQQT/kitchen-project.html]
[trello.com/b/wqQ40ir4/household-chores.html]
[trello.com/logina352.html]
[trello.com/signupa352.html]
[trello.com/b/JeOMdNMH/wedding-planning.html]
[trello.com/b/lHRaeSZ7/wedding-day-timeline.html]
[trello.com/b/wFECC39M/wedding-bridesmaid-board.html]
[trello.com/b/kw7E5XeZ/wedding-seating-arrangement.html]
[trello.com/b/IuoxVMY1/wedding-thank-you-cards.html]
[d2k1ftgv7pobq7.cloudfront.net/meta/u/res/integrations/js/slick/8ed8d24677bedb459c9ab58c5c0b3982/ajax-loader.gif]
[trello.com/b/YFaB7wdG/office-management]
[secure.wufoo.com/scripts/embed/form.js]
[trello.com/sso-configuration.html]
[trello.com/b/ANpOpyQQ/team-organization-central.html]
[trello.com/b/ry8F0DOb/team-goal-setting-central.html]
[trello.com/b/GDz7Wd53/weekly-team-meetings.html]
[trello.com/login8b93.html]
[trello.com/signup8b93.html]
[trello.com/create-first-team.html]
[trello.com/login10e7.html]
[trello.com/signup10e7.html]
[trello.com/loginca53.html]
[trello.com/signupca53.html]
[trello.com/logina4b3.html]
[trello.com/loginff43.html]
[trello.com/signupff43.html]
[trello.com/signupa4b3.html]
[trello.com/login9e0a.html]
[trello.com/signup9e0a.html]
[trello.com/login06a9.html]
[trello.com/signup06a9.html]
[trello.com/login9642.html]
[trello.com/signup9642.html]
[trello.com/login2456.html]
[trello.com/signup2456.html]
[trello.com/login7c0d.html]
[trello.com/signup7c0d.html]
[trello.com/logine0ea.html]
[trello.com/signupe0ea.html]
[trello.com/logind81e.html]
[trello.com/signupd81e.html]
[trello.com/loginef78]
[d2k1ftgv7pobq7.cloudfront.net/meta/u/res/css/959c392974dcb90deee0a26b35f28d3f/remote-work-guide.css]
[trello.com/b/YFaB7wdG/office-management]
[trello.com/logina4b3.html]
[trello.com/signupa4b3.html]
